2026-04-11 03:24:42 | DEBUG    | 签名JS加载成功
2026-04-11 03:24:47 | INFO     | SQLite数据库初始化完成: data\MS4wLjABAAAA2FYVN1jBWaTVasx7wXcsK0rCPfSYixt5-J1pUegQIbA\data.db
2026-04-11 03:24:47 | INFO     | 开始采集用户 MS4wLjABAAAA2FYVN1jB... 的作品
2026-04-11 03:24:49 | DEBUG    | API响应: aweme_list=10, has_more=1, max_cursor=1772527643000
2026-04-11 03:24:50 | INFO     | 用户 MS4wLjABAAAA2FYVN1jB... [作品采集完成] total:10 | new:0 | new_csv:0 | new_db:0 | duration:2.2秒
2026-04-11 03:24:50 | INFO     | 开始采集用户 MS4wLjABAAAA2FYVN1jB... 的评论，共 10 个视频
2026-04-11 03:25:05 | INFO     | 用户 MS4wLjABAAAA2FYVN1jB... [评论采集完成] total:66 | new:0 | new_csv:0 | new_db:0 | videos:10 | duration:15.2秒
2026-04-11 03:25:05 | INFO     | 开始采集用户 MS4wLjABAAAA2FYVN1jB... 的回复，共 2 条评论，2 个视频 (并发数: 3)
2026-04-11 03:25:08 | INFO     | 用户 MS4wLjABAAAA2FYVN1jB... [回复采集完成] total:3 | new:0 | new_csv:0 | new_db:0 | comments:2 | videos:2 | duration:2.5秒
2026-04-11 03:25:08 | INFO     | SQLite连接已关闭: data\MS4wLjABAAAA2FYVN1jBWaTVasx7wXcsK0rCPfSYixt5-J1pUegQIbA\data.db
2026-04-11 03:25:08 | INFO     | SQLite连接已关闭: data\MS4wLjABAAAA2FYVN1jBWaTVasx7wXcsK0rCPfSYixt5-J1pUegQIbA\data.db
2026-04-11 03:25:08 | INFO     | 资源清理完成
2026-04-10 19:44:51 | DEBUG    | 签名JS加载成功
2026-04-10 19:44:56 | INFO     | SQLite数据库初始化完成: data/MS4wLjABAAAA2FYVN1jBWaTVasx7wXcsK0rCPfSYixt5-J1pUegQIbA/data.db
2026-04-10 19:44:56 | INFO     | 开始采集用户 MS4wLjABAAAA2FYVN1jB... 的作品
2026-04-10 19:44:58 | DEBUG    | API响应: aweme_list=10, has_more=1, max_cursor=1772527643000
2026-04-10 19:44:59 | INFO     | 用户 MS4wLjABAAAA2FYVN1jB... [作品采集完成] total:10 | new:0 | new_csv:0 | new_db:0 | duration:3.5秒
2026-04-10 19:45:00 | INFO     | 开始采集用户 MS4wLjABAAAA2FYVN1jB... 的评论，共 10 个视频
2026-04-10 19:48:29 | INFO     | 保存 1 条新数据到 data/MS4wLjABAAAA2FYVN1jBWaTVasx7wXcsK0rCPfSYixt5-J1pUegQIbA/2026-04/7626441345066862705/comments.csv
2026-04-10 19:48:29 | INFO     | 保存 1 条新数据到数据库表 comments
2026-04-10 19:49:07 | INFO     | 保存 13 条新数据到 data/MS4wLjABAAAA2FYVN1jBWaTVasx7wXcsK0rCPfSYixt5-J1pUegQIbA/2026-04/7626903451326583537/comments.csv
2026-04-10 19:49:07 | INFO     | 保存 13 条新数据到数据库表 comments
2026-04-10 19:49:08 | INFO     | 用户 MS4wLjABAAAA2FYVN1jB... [评论采集完成] total:1551 | new:14 | new_csv:14 | new_db:14 | videos:10 | duration:248.2秒
2026-04-10 19:49:08 | INFO     | 开始采集用户 MS4wLjABAAAA2FYVN1jB... 的回复，共 120 条评论，10 个视频 (并发数: 3)
2026-04-10 19:50:18 | INFO     | 保存 1 条新数据到 data/MS4wLjABAAAA2FYVN1jBWaTVasx7wXcsK0rCPfSYixt5-J1pUegQIbA/2026-04/7626903451326583537/replies.csv
2026-04-10 19:50:18 | INFO     | 保存 1 条新数据到数据库表 replies
2026-04-10 19:50:18 | INFO     | 用户 MS4wLjABAAAA2FYVN1jB... [回复采集完成] total:353 | new:1 | new_csv:1 | new_db:1 | comments:120 | videos:10 | duration:69.9秒
2026-04-10 19:50:18 | INFO     | SQLite连接已关闭: data/MS4wLjABAAAA2FYVN1jBWaTVasx7wXcsK0rCPfSYixt5-J1pUegQIbA/data.db
2026-04-10 19:50:18 | INFO     | SQLite连接已关闭: data/MS4wLjABAAAA2FYVN1jBWaTVasx7wXcsK0rCPfSYixt5-J1pUegQIbA/data.db
2026-04-10 19:50:18 | INFO     | 资源清理完成
2026-04-10 19:50:18 | DEBUG    | 签名JS加载成功
2026-04-10 19:50:23 | INFO     | SQLite数据库初始化完成: data/MS4wLjABAAAA2FYVN1jBWaTVasx7wXcsK0rCPfSYixt5-J1pUegQIbA/data.db
2026-04-10 19:50:23 | INFO     | 从数据库下载用户 MS4wLjABAAAA2FYVN1jB... 的video媒体文件
2026-04-10 19:50:23 | INFO     | 没有需要下载的媒体文件
2026-04-10 19:50:23 | INFO     | 从CSV下载用户 MS4wLjABAAAA2FYVN1jB... 的comment媒体文件 (共395个视频)
2026-04-10 19:50:27 | INFO     | 更新CSV成功: 1 条记录
2026-04-10 19:50:27 | INFO     | 更新数据库成功: 1 条记录
2026-04-10 19:50:28 | INFO     | 更新CSV成功: 13 条记录
2026-04-10 19:50:28 | INFO     | 更新数据库成功: 13 条记录
2026-04-10 19:50:28 | INFO     | 完成: 2个视频有媒体需要下载, 393个视频无需下载
2026-04-10 19:50:28 | INFO     | 从CSV下载用户 MS4wLjABAAAA2FYVN1jB... 的reply媒体文件 (共395个视频)
2026-04-10 19:50:28 | INFO     | 更新CSV成功: 1 条记录
2026-04-10 19:50:28 | INFO     | 更新数据库成功: 1 条记录
2026-04-10 19:50:28 | INFO     | 完成: 1个视频有媒体需要下载, 394个视频无需下载
2026-04-10 19:50:28 | INFO     | SQLite连接已关闭: data/MS4wLjABAAAA2FYVN1jBWaTVasx7wXcsK0rCPfSYixt5-J1pUegQIbA/data.db
2026-04-10 19:50:28 | INFO     | SQLite连接已关闭: data/MS4wLjABAAAA2FYVN1jBWaTVasx7wXcsK0rCPfSYixt5-J1pUegQIbA/data.db
2026-04-10 19:50:28 | INFO     | 资源清理完成
2026-04-11 02:42:26 | DEBUG    | 签名JS加载成功
2026-04-11 02:42:31 | INFO     | SQLite数据库初始化完成: data/MS4wLjABAAAA2FYVN1jBWaTVasx7wXcsK0rCPfSYixt5-J1pUegQIbA/data.db
2026-04-11 02:42:31 | INFO     | 开始采集用户 MS4wLjABAAAA2FYVN1jB... 的作品
2026-04-11 02:42:32 | DEBUG    | API响应: aweme_list=10, has_more=1, max_cursor=1772527643000
2026-04-11 02:42:33 | INFO     | 用户 MS4wLjABAAAA2FYVN1jB... [作品采集完成] total:10 | new:0 | new_csv:0 | new_db:0 | duration:2.6秒
2026-04-11 02:42:33 | INFO     | 开始采集用户 MS4wLjABAAAA2FYVN1jB... 的评论，共 10 个视频
2026-04-11 02:46:23 | INFO     | 保存 1 条新数据到 data/MS4wLjABAAAA2FYVN1jBWaTVasx7wXcsK0rCPfSYixt5-J1pUegQIbA/2026-04/7626441345066862705/comments.csv
2026-04-11 02:46:23 | INFO     | 保存 1 条新数据到数据库表 comments
2026-04-11 02:47:03 | INFO     | 保存 3 条新数据到 data/MS4wLjABAAAA2FYVN1jBWaTVasx7wXcsK0rCPfSYixt5-J1pUegQIbA/2026-04/7626903451326583537/comments.csv
2026-04-11 02:47:03 | INFO     | 保存 3 条新数据到数据库表 comments
2026-04-11 02:47:04 | INFO     | 用户 MS4wLjABAAAA2FYVN1jB... [评论采集完成] total:1555 | new:4 | new_csv:4 | new_db:4 | videos:10 | duration:271.1秒
2026-04-11 02:47:05 | INFO     | 开始采集用户 MS4wLjABAAAA2FYVN1jB... 的回复，共 120 条评论，10 个视频 (并发数: 3)
2026-04-11 02:48:23 | INFO     | 用户 MS4wLjABAAAA2FYVN1jB... [回复采集完成] total:353 | new:0 | new_csv:0 | new_db:0 | comments:120 | videos:10 | duration:78.0秒
2026-04-11 02:48:23 | INFO     | SQLite连接已关闭: data/MS4wLjABAAAA2FYVN1jBWaTVasx7wXcsK0rCPfSYixt5-J1pUegQIbA/data.db
2026-04-11 02:48:23 | INFO     | SQLite连接已关闭: data/MS4wLjABAAAA2FYVN1jBWaTVasx7wXcsK0rCPfSYixt5-J1pUegQIbA/data.db
2026-04-11 02:48:23 | INFO     | 资源清理完成
2026-04-11 02:48:23 | DEBUG    | 签名JS加载成功
2026-04-11 02:48:28 | INFO     | SQLite数据库初始化完成: data/MS4wLjABAAAA2FYVN1jBWaTVasx7wXcsK0rCPfSYixt5-J1pUegQIbA/data.db
2026-04-11 02:48:28 | INFO     | 从数据库下载用户 MS4wLjABAAAA2FYVN1jB... 的video媒体文件
2026-04-11 02:48:28 | INFO     | 没有需要下载的媒体文件
2026-04-11 02:48:28 | INFO     | 从CSV下载用户 MS4wLjABAAAA2FYVN1jB... 的comment媒体文件 (共395个视频)
2026-04-11 02:48:31 | INFO     | 更新CSV成功: 1 条记录
2026-04-11 02:48:31 | INFO     | 更新数据库成功: 1 条记录
2026-04-11 02:48:32 | INFO     | 更新CSV成功: 3 条记录
2026-04-11 02:48:32 | INFO     | 更新数据库成功: 3 条记录
2026-04-11 02:48:32 | INFO     | 完成: 2个视频有媒体需要下载, 393个视频无需下载
2026-04-11 02:48:32 | INFO     | 从CSV下载用户 MS4wLjABAAAA2FYVN1jB... 的reply媒体文件 (共395个视频)
2026-04-11 02:48:32 | INFO     | 完成: 0个视频有媒体需要下载, 395个视频无需下载
2026-04-11 02:48:32 | INFO     | SQLite连接已关闭: data/MS4wLjABAAAA2FYVN1jBWaTVasx7wXcsK0rCPfSYixt5-J1pUegQIbA/data.db
2026-04-11 02:48:32 | INFO     | SQLite连接已关闭: data/MS4wLjABAAAA2FYVN1jBWaTVasx7wXcsK0rCPfSYixt5-J1pUegQIbA/data.db
2026-04-11 02:48:32 | INFO     | 资源清理完成
2026-04-12 03:20:31 | DEBUG    | 签名JS加载成功
2026-04-12 03:20:36 | INFO     | SQLite数据库初始化完成: data/MS4wLjABAAAA2FYVN1jBWaTVasx7wXcsK0rCPfSYixt5-J1pUegQIbA/data.db
2026-04-12 03:20:36 | INFO     | 开始采集用户 MS4wLjABAAAA2FYVN1jB... 的作品
2026-04-12 03:20:37 | DEBUG    | API响应: aweme_list=10, has_more=1, max_cursor=1772527643000
2026-04-12 03:20:38 | INFO     | 保存 1 条新数据到 data/MS4wLjABAAAA2FYVN1jBWaTVasx7wXcsK0rCPfSYixt5-J1pUegQIbA/videos.csv
2026-04-12 03:20:38 | INFO     | 保存 1 条新数据到数据库表 videos
2026-04-12 03:20:38 | INFO     | 用户 MS4wLjABAAAA2FYVN1jB... [作品采集完成] total:10 | new:1 | new_csv:1 | new_db:1 | duration:2.6秒
2026-04-12 03:20:38 | INFO     | 开始采集用户 MS4wLjABAAAA2FYVN1jB... 的评论，共 10 个视频
2026-04-12 03:22:58 | INFO     | 保存 1 条新数据到 data/MS4wLjABAAAA2FYVN1jBWaTVasx7wXcsK0rCPfSYixt5-J1pUegQIbA/2026-04/7624581934820144074/comments.csv
2026-04-12 03:22:58 | INFO     | 保存 1 条新数据到数据库表 comments
2026-04-12 03:23:20 | INFO     | 保存 1 条新数据到 data/MS4wLjABAAAA2FYVN1jBWaTVasx7wXcsK0rCPfSYixt5-J1pUegQIbA/2026-04/7626441345066862705/comments.csv
2026-04-12 03:23:20 | INFO     | 保存 1 条新数据到数据库表 comments
2026-04-12 03:23:31 | INFO     | 保存 53 条新数据到 data/MS4wLjABAAAA2FYVN1jBWaTVasx7wXcsK0rCPfSYixt5-J1pUegQIbA/2026-04/7627558294349234875/comments.csv
2026-04-12 03:23:31 | INFO     | 保存 53 条新数据到数据库表 comments
2026-04-12 03:23:32 | INFO     | 用户 MS4wLjABAAAA2FYVN1jB... [评论采集完成] total:1077 | new:55 | new_csv:55 | new_db:55 | videos:10 | duration:173.4秒
2026-04-12 03:23:32 | INFO     | 开始采集用户 MS4wLjABAAAA2FYVN1jB... 的回复，共 107 条评论，10 个视频 (并发数: 3)
2026-04-12 03:24:36 | INFO     | 保存 20 条新数据到 data/MS4wLjABAAAA2FYVN1jBWaTVasx7wXcsK0rCPfSYixt5-J1pUegQIbA/2026-04/7627558294349234875/replies.csv
2026-04-12 03:24:36 | INFO     | 保存 20 条新数据到数据库表 replies
2026-04-12 03:24:36 | INFO     | 用户 MS4wLjABAAAA2FYVN1jB... [回复采集完成] total:298 | new:20 | new_csv:20 | new_db:20 | comments:107 | videos:10 | duration:63.8秒
2026-04-12 03:24:36 | INFO     | SQLite连接已关闭: data/MS4wLjABAAAA2FYVN1jBWaTVasx7wXcsK0rCPfSYixt5-J1pUegQIbA/data.db
2026-04-12 03:24:36 | INFO     | SQLite连接已关闭: data/MS4wLjABAAAA2FYVN1jBWaTVasx7wXcsK0rCPfSYixt5-J1pUegQIbA/data.db
2026-04-12 03:24:36 | INFO     | 资源清理完成
2026-04-12 03:24:36 | DEBUG    | 签名JS加载成功
2026-04-12 03:24:41 | INFO     | SQLite数据库初始化完成: data/MS4wLjABAAAA2FYVN1jBWaTVasx7wXcsK0rCPfSYixt5-J1pUegQIbA/data.db
2026-04-12 03:24:41 | INFO     | 从数据库下载用户 MS4wLjABAAAA2FYVN1jB... 的video媒体文件
2026-04-12 03:24:41 | INFO     | 找到 1 条数据需要下载媒体
2026-04-12 03:24:43 | INFO     | 更新CSV成功: 1 条记录
2026-04-12 03:24:43 | INFO     | 更新数据库成功: 1 条记录
2026-04-12 03:24:43 | INFO     | 从CSV下载用户 MS4wLjABAAAA2FYVN1jB... 的comment媒体文件 (共396个视频)
2026-04-12 03:24:47 | INFO     | 更新CSV成功: 1 条记录
2026-04-12 03:24:47 | INFO     | 更新数据库成功: 1 条记录
2026-04-12 03:24:48 | INFO     | 更新CSV成功: 1 条记录
2026-04-12 03:24:48 | INFO     | 更新数据库成功: 1 条记录
2026-04-12 03:24:50 | INFO     | 更新CSV成功: 53 条记录
2026-04-12 03:24:50 | INFO     | 更新数据库成功: 53 条记录
2026-04-12 03:24:50 | INFO     | 完成: 3个视频有媒体需要下载, 393个视频无需下载
2026-04-12 03:24:50 | INFO     | 从CSV下载用户 MS4wLjABAAAA2FYVN1jB... 的reply媒体文件 (共396个视频)
2026-04-12 03:24:52 | INFO     | 更新CSV成功: 20 条记录
2026-04-12 03:24:52 | INFO     | 更新数据库成功: 20 条记录
2026-04-12 03:24:52 | INFO     | 完成: 1个视频有媒体需要下载, 395个视频无需下载
2026-04-12 03:24:52 | INFO     | SQLite连接已关闭: data/MS4wLjABAAAA2FYVN1jBWaTVasx7wXcsK0rCPfSYixt5-J1pUegQIbA/data.db
2026-04-12 03:24:52 | INFO     | SQLite连接已关闭: data/MS4wLjABAAAA2FYVN1jBWaTVasx7wXcsK0rCPfSYixt5-J1pUegQIbA/data.db
2026-04-12 03:24:52 | INFO     | 资源清理完成
2026-04-12 06:16:51 | DEBUG    | 签名JS加载成功
2026-04-12 06:16:56 | INFO     | SQLite数据库初始化完成: data/MS4wLjABAAAA2FYVN1jBWaTVasx7wXcsK0rCPfSYixt5-J1pUegQIbA/data.db
2026-04-12 06:16:56 | INFO     | 开始采集用户 MS4wLjABAAAA2FYVN1jB... 的作品
2026-04-12 06:16:58 | DEBUG    | API响应: aweme_list=10, has_more=1, max_cursor=1772527643000
2026-04-12 06:16:59 | INFO     | 用户 MS4wLjABAAAA2FYVN1jB... [作品采集完成] total:10 | new:0 | new_csv:0 | new_db:0 | duration:3.3秒
2026-04-12 06:16:59 | INFO     | 开始采集用户 MS4wLjABAAAA2FYVN1jB... 的评论，共 10 个视频
2026-04-12 06:19:44 | INFO     | 保存 2 条新数据到 data/MS4wLjABAAAA2FYVN1jBWaTVasx7wXcsK0rCPfSYixt5-J1pUegQIbA/2026-04/7626441345066862705/comments.csv
2026-04-12 06:19:44 | INFO     | 保存 2 条新数据到数据库表 comments
2026-04-12 06:19:54 | INFO     | 保存 6 条新数据到 data/MS4wLjABAAAA2FYVN1jBWaTVasx7wXcsK0rCPfSYixt5-J1pUegQIbA/2026-04/7627558294349234875/comments.csv
2026-04-12 06:19:54 | INFO     | 保存 6 条新数据到数据库表 comments
2026-04-12 06:19:55 | INFO     | 用户 MS4wLjABAAAA2FYVN1jB... [评论采集完成] total:1085 | new:8 | new_csv:8 | new_db:8 | videos:10 | duration:176.0秒
2026-04-12 06:19:56 | INFO     | 开始采集用户 MS4wLjABAAAA2FYVN1jB... 的回复，共 107 条评论，10 个视频 (并发数: 3)
2026-04-12 06:21:00 | INFO     | 保存 2 条新数据到 data/MS4wLjABAAAA2FYVN1jBWaTVasx7wXcsK0rCPfSYixt5-J1pUegQIbA/2026-04/7627558294349234875/replies.csv
2026-04-12 06:21:00 | INFO     | 保存 2 条新数据到数据库表 replies
2026-04-12 06:21:00 | INFO     | 用户 MS4wLjABAAAA2FYVN1jB... [回复采集完成] total:299 | new:2 | new_csv:2 | new_db:2 | comments:107 | videos:10 | duration:64.4秒
2026-04-12 06:21:00 | INFO     | SQLite连接已关闭: data/MS4wLjABAAAA2FYVN1jBWaTVasx7wXcsK0rCPfSYixt5-J1pUegQIbA/data.db
2026-04-12 06:21:00 | INFO     | SQLite连接已关闭: data/MS4wLjABAAAA2FYVN1jBWaTVasx7wXcsK0rCPfSYixt5-J1pUegQIbA/data.db
2026-04-12 06:21:00 | INFO     | 资源清理完成
2026-04-12 06:21:00 | DEBUG    | 签名JS加载成功
2026-04-12 06:21:05 | INFO     | SQLite数据库初始化完成: data/MS4wLjABAAAA2FYVN1jBWaTVasx7wXcsK0rCPfSYixt5-J1pUegQIbA/data.db
2026-04-12 06:21:05 | INFO     | 从数据库下载用户 MS4wLjABAAAA2FYVN1jB... 的video媒体文件
2026-04-12 06:21:05 | INFO     | 没有需要下载的媒体文件
2026-04-12 06:21:05 | INFO     | 从CSV下载用户 MS4wLjABAAAA2FYVN1jB... 的comment媒体文件 (共396个视频)
2026-04-12 06:21:08 | INFO     | 更新CSV成功: 2 条记录
2026-04-12 06:21:08 | INFO     | 更新数据库成功: 2 条记录
2026-04-12 06:21:10 | INFO     | 更新CSV成功: 6 条记录
2026-04-12 06:21:10 | INFO     | 更新数据库成功: 6 条记录
2026-04-12 06:21:10 | INFO     | 完成: 2个视频有媒体需要下载, 394个视频无需下载
2026-04-12 06:21:10 | INFO     | 从CSV下载用户 MS4wLjABAAAA2FYVN1jB... 的reply媒体文件 (共396个视频)
2026-04-12 06:21:10 | INFO     | 更新CSV成功: 2 条记录
2026-04-12 06:21:10 | INFO     | 更新数据库成功: 2 条记录
2026-04-12 06:21:10 | INFO     | 完成: 1个视频有媒体需要下载, 395个视频无需下载
2026-04-12 06:21:10 | INFO     | SQLite连接已关闭: data/MS4wLjABAAAA2FYVN1jBWaTVasx7wXcsK0rCPfSYixt5-J1pUegQIbA/data.db
2026-04-12 06:21:10 | INFO     | SQLite连接已关闭: data/MS4wLjABAAAA2FYVN1jBWaTVasx7wXcsK0rCPfSYixt5-J1pUegQIbA/data.db
2026-04-12 06:21:10 | INFO     | 资源清理完成
2026-04-13 03:27:17 | DEBUG    | 签名JS加载成功
2026-04-13 03:27:22 | INFO     | SQLite数据库初始化完成: data/MS4wLjABAAAA2FYVN1jBWaTVasx7wXcsK0rCPfSYixt5-J1pUegQIbA/data.db
2026-04-13 03:27:22 | INFO     | 开始采集用户 MS4wLjABAAAA2FYVN1jB... 的作品
2026-04-13 03:27:24 | DEBUG    | API响应: aweme_list=10, has_more=1, max_cursor=1772527643000
2026-04-13 03:27:25 | INFO     | 用户 MS4wLjABAAAA2FYVN1jB... [作品采集完成] total:10 | new:0 | new_csv:0 | new_db:0 | duration:2.7秒
2026-04-13 03:27:25 | INFO     | 开始采集用户 MS4wLjABAAAA2FYVN1jB... 的评论，共 10 个视频
2026-04-13 03:29:51 | INFO     | 保存 1 条新数据到 data/MS4wLjABAAAA2FYVN1jBWaTVasx7wXcsK0rCPfSYixt5-J1pUegQIbA/2026-04/7624581934820144074/comments.csv
2026-04-13 03:29:51 | INFO     | 保存 1 条新数据到数据库表 comments
2026-04-13 03:30:11 | INFO     | 保存 3 条新数据到 data/MS4wLjABAAAA2FYVN1jBWaTVasx7wXcsK0rCPfSYixt5-J1pUegQIbA/2026-04/7626441345066862705/comments.csv
2026-04-13 03:30:12 | INFO     | 保存 3 条新数据到数据库表 comments
2026-04-13 03:30:24 | INFO     | 保存 20 条新数据到 data/MS4wLjABAAAA2FYVN1jBWaTVasx7wXcsK0rCPfSYixt5-J1pUegQIbA/2026-04/7627558294349234875/comments.csv
2026-04-13 03:30:24 | INFO     | 保存 20 条新数据到数据库表 comments
2026-04-13 03:30:25 | INFO     | 用户 MS4wLjABAAAA2FYVN1jB... [评论采集完成] total:1108 | new:24 | new_csv:24 | new_db:24 | videos:10 | duration:180.6秒
2026-04-13 03:30:26 | INFO     | 开始采集用户 MS4wLjABAAAA2FYVN1jB... 的回复，共 108 条评论，10 个视频 (并发数: 3)
2026-04-13 03:31:34 | INFO     | 保存 9 条新数据到 data/MS4wLjABAAAA2FYVN1jBWaTVasx7wXcsK0rCPfSYixt5-J1pUegQIbA/2026-04/7627558294349234875/replies.csv
2026-04-13 03:31:34 | INFO     | 保存 9 条新数据到数据库表 replies
2026-04-13 03:31:34 | INFO     | 用户 MS4wLjABAAAA2FYVN1jB... [回复采集完成] total:308 | new:9 | new_csv:9 | new_db:9 | comments:108 | videos:10 | duration:68.3秒
2026-04-13 03:31:34 | INFO     | SQLite连接已关闭: data/MS4wLjABAAAA2FYVN1jBWaTVasx7wXcsK0rCPfSYixt5-J1pUegQIbA/data.db
2026-04-13 03:31:34 | INFO     | SQLite连接已关闭: data/MS4wLjABAAAA2FYVN1jBWaTVasx7wXcsK0rCPfSYixt5-J1pUegQIbA/data.db
2026-04-13 03:31:34 | INFO     | 资源清理完成
2026-04-13 03:31:34 | DEBUG    | 签名JS加载成功
2026-04-13 03:31:39 | INFO     | SQLite数据库初始化完成: data/MS4wLjABAAAA2FYVN1jBWaTVasx7wXcsK0rCPfSYixt5-J1pUegQIbA/data.db
2026-04-13 03:31:39 | INFO     | 从数据库下载用户 MS4wLjABAAAA2FYVN1jB... 的video媒体文件
2026-04-13 03:31:39 | INFO     | 没有需要下载的媒体文件
2026-04-13 03:31:39 | INFO     | 从CSV下载用户 MS4wLjABAAAA2FYVN1jB... 的comment媒体文件 (共396个视频)
2026-04-13 03:31:43 | INFO     | 更新CSV成功: 1 条记录
2026-04-13 03:31:43 | INFO     | 更新数据库成功: 1 条记录
2026-04-13 03:31:45 | INFO     | 更新CSV成功: 3 条记录
2026-04-13 03:31:45 | INFO     | 更新数据库成功: 3 条记录
2026-04-13 03:31:47 | INFO     | 更新CSV成功: 20 条记录
2026-04-13 03:31:47 | INFO     | 更新数据库成功: 20 条记录
2026-04-13 03:31:47 | INFO     | 完成: 3个视频有媒体需要下载, 393个视频无需下载
2026-04-13 03:31:47 | INFO     | 从CSV下载用户 MS4wLjABAAAA2FYVN1jB... 的reply媒体文件 (共396个视频)
2026-04-13 03:31:48 | INFO     | 更新CSV成功: 9 条记录
2026-04-13 03:31:48 | INFO     | 更新数据库成功: 9 条记录
2026-04-13 03:31:48 | INFO     | 完成: 1个视频有媒体需要下载, 395个视频无需下载
2026-04-13 03:31:48 | INFO     | SQLite连接已关闭: data/MS4wLjABAAAA2FYVN1jBWaTVasx7wXcsK0rCPfSYixt5-J1pUegQIbA/data.db
2026-04-13 03:31:48 | INFO     | SQLite连接已关闭: data/MS4wLjABAAAA2FYVN1jBWaTVasx7wXcsK0rCPfSYixt5-J1pUegQIbA/data.db
2026-04-13 03:31:48 | INFO     | 资源清理完成
2026-04-13 21:44:57 | INFO     | 资源清理完成
2026-04-14 03:17:20 | DEBUG    | 签名JS加载成功
2026-04-14 03:17:25 | INFO     | SQLite数据库初始化完成: data/MS4wLjABAAAA2FYVN1jBWaTVasx7wXcsK0rCPfSYixt5-J1pUegQIbA/data.db
2026-04-14 03:17:25 | INFO     | 开始采集用户 MS4wLjABAAAA2FYVN1jB... 的作品
2026-04-14 03:17:27 | DEBUG    | API响应: aweme_list=10, has_more=1, max_cursor=1772527643000
2026-04-14 03:17:28 | INFO     | 用户 MS4wLjABAAAA2FYVN1jB... [作品采集完成] total:10 | new:0 | new_csv:0 | new_db:0 | duration:3.0秒
2026-04-14 03:17:28 | INFO     | 开始采集用户 MS4wLjABAAAA2FYVN1jB... 的评论，共 10 个视频
2026-04-14 03:20:30 | INFO     | 保存 2 条新数据到 data/MS4wLjABAAAA2FYVN1jBWaTVasx7wXcsK0rCPfSYixt5-J1pUegQIbA/2026-04/7626441345066862705/comments.csv
2026-04-14 03:20:30 | INFO     | 保存 2 条新数据到数据库表 comments
2026-04-14 03:20:48 | INFO     | 保存 7 条新数据到 data/MS4wLjABAAAA2FYVN1jBWaTVasx7wXcsK0rCPfSYixt5-J1pUegQIbA/2026-04/7627558294349234875/comments.csv
2026-04-14 03:20:48 | INFO     | 保存 7 条新数据到数据库表 comments
2026-04-14 03:20:49 | INFO     | 用户 MS4wLjABAAAA2FYVN1jB... [评论采集完成] total:1117 | new:9 | new_csv:9 | new_db:9 | videos:10 | duration:200.2秒
2026-04-14 03:20:49 | INFO     | 开始采集用户 MS4wLjABAAAA2FYVN1jB... 的回复，共 109 条评论，10 个视频 (并发数: 3)
2026-04-14 03:21:48 | INFO     | 保存 3 条新数据到 data/MS4wLjABAAAA2FYVN1jBWaTVasx7wXcsK0rCPfSYixt5-J1pUegQIbA/2026-04/7626441345066862705/replies.csv
2026-04-14 03:21:48 | INFO     | 保存 3 条新数据到数据库表 replies
2026-04-14 03:21:58 | INFO     | 保存 2 条新数据到 data/MS4wLjABAAAA2FYVN1jBWaTVasx7wXcsK0rCPfSYixt5-J1pUegQIbA/2026-04/7627558294349234875/replies.csv
2026-04-14 03:21:58 | INFO     | 保存 2 条新数据到数据库表 replies
2026-04-14 03:21:58 | INFO     | 用户 MS4wLjABAAAA2FYVN1jB... [回复采集完成] total:313 | new:5 | new_csv:5 | new_db:5 | comments:109 | videos:10 | duration:69.4秒
2026-04-14 03:21:58 | INFO     | SQLite连接已关闭: data/MS4wLjABAAAA2FYVN1jBWaTVasx7wXcsK0rCPfSYixt5-J1pUegQIbA/data.db
2026-04-14 03:21:58 | INFO     | SQLite连接已关闭: data/MS4wLjABAAAA2FYVN1jBWaTVasx7wXcsK0rCPfSYixt5-J1pUegQIbA/data.db
2026-04-14 03:21:58 | INFO     | 资源清理完成
2026-04-14 03:21:59 | DEBUG    | 签名JS加载成功
2026-04-14 03:22:04 | INFO     | SQLite数据库初始化完成: data/MS4wLjABAAAA2FYVN1jBWaTVasx7wXcsK0rCPfSYixt5-J1pUegQIbA/data.db
2026-04-14 03:22:04 | INFO     | 从数据库下载用户 MS4wLjABAAAA2FYVN1jB... 的video媒体文件
2026-04-14 03:22:04 | INFO     | 没有需要下载的媒体文件
2026-04-14 03:22:04 | INFO     | 从CSV下载用户 MS4wLjABAAAA2FYVN1jB... 的comment媒体文件 (共396个视频)
2026-04-14 03:22:07 | INFO     | 更新CSV成功: 2 条记录
2026-04-14 03:22:07 | INFO     | 更新数据库成功: 2 条记录
2026-04-14 03:22:08 | INFO     | 更新CSV成功: 7 条记录
2026-04-14 03:22:08 | INFO     | 更新数据库成功: 7 条记录
2026-04-14 03:22:08 | INFO     | 完成: 2个视频有媒体需要下载, 394个视频无需下载
2026-04-14 03:22:08 | INFO     | 从CSV下载用户 MS4wLjABAAAA2FYVN1jB... 的reply媒体文件 (共396个视频)
2026-04-14 03:22:10 | INFO     | 更新CSV成功: 3 条记录
2026-04-14 03:22:10 | INFO     | 更新数据库成功: 3 条记录
2026-04-14 03:22:10 | INFO     | 更新CSV成功: 2 条记录
2026-04-14 03:22:10 | INFO     | 更新数据库成功: 2 条记录
2026-04-14 03:22:10 | INFO     | 完成: 2个视频有媒体需要下载, 394个视频无需下载
2026-04-14 03:22:10 | INFO     | SQLite连接已关闭: data/MS4wLjABAAAA2FYVN1jBWaTVasx7wXcsK0rCPfSYixt5-J1pUegQIbA/data.db
2026-04-14 03:22:10 | INFO     | SQLite连接已关闭: data/MS4wLjABAAAA2FYVN1jBWaTVasx7wXcsK0rCPfSYixt5-J1pUegQIbA/data.db
2026-04-14 03:22:10 | INFO     | 资源清理完成
2026-04-15 02:56:21 | DEBUG    | 签名JS加载成功
2026-04-15 02:56:26 | INFO     | SQLite数据库初始化完成: data/MS4wLjABAAAA2FYVN1jBWaTVasx7wXcsK0rCPfSYixt5-J1pUegQIbA/data.db
2026-04-15 02:56:26 | INFO     | 开始采集用户 MS4wLjABAAAA2FYVN1jB... 的作品
2026-04-15 02:56:28 | DEBUG    | API响应: aweme_list=10, has_more=1, max_cursor=1772527643000
2026-04-15 02:56:29 | INFO     | 用户 MS4wLjABAAAA2FYVN1jB... [作品采集完成] total:10 | new:0 | new_csv:0 | new_db:0 | duration:3.6秒
2026-04-15 02:56:29 | INFO     | 开始采集用户 MS4wLjABAAAA2FYVN1jB... 的评论，共 10 个视频
2026-04-15 02:58:53 | INFO     | 保存 1 条新数据到 data/MS4wLjABAAAA2FYVN1jBWaTVasx7wXcsK0rCPfSYixt5-J1pUegQIbA/2026-04/7624581934820144074/comments.csv
2026-04-15 02:58:53 | INFO     | 保存 1 条新数据到数据库表 comments
2026-04-15 02:59:16 | INFO     | 保存 1 条新数据到 data/MS4wLjABAAAA2FYVN1jBWaTVasx7wXcsK0rCPfSYixt5-J1pUegQIbA/2026-04/7626441345066862705/comments.csv
2026-04-15 02:59:16 | INFO     | 保存 1 条新数据到数据库表 comments
2026-04-15 02:59:33 | INFO     | 保存 6 条新数据到 data/MS4wLjABAAAA2FYVN1jBWaTVasx7wXcsK0rCPfSYixt5-J1pUegQIbA/2026-04/7627558294349234875/comments.csv
2026-04-15 02:59:33 | INFO     | 保存 6 条新数据到数据库表 comments
2026-04-15 02:59:34 | INFO     | 用户 MS4wLjABAAAA2FYVN1jB... [评论采集完成] total:1125 | new:8 | new_csv:8 | new_db:8 | videos:10 | duration:185.1秒
2026-04-15 02:59:35 | INFO     | 开始采集用户 MS4wLjABAAAA2FYVN1jB... 的回复，共 109 条评论，10 个视频 (并发数: 3)
2026-04-15 03:00:46 | INFO     | 用户 MS4wLjABAAAA2FYVN1jB... [回复采集完成] total:313 | new:0 | new_csv:0 | new_db:0 | comments:109 | videos:10 | duration:71.1秒
2026-04-15 03:00:46 | INFO     | SQLite连接已关闭: data/MS4wLjABAAAA2FYVN1jBWaTVasx7wXcsK0rCPfSYixt5-J1pUegQIbA/data.db
2026-04-15 03:00:46 | INFO     | SQLite连接已关闭: data/MS4wLjABAAAA2FYVN1jBWaTVasx7wXcsK0rCPfSYixt5-J1pUegQIbA/data.db
2026-04-15 03:00:46 | INFO     | 资源清理完成
2026-04-15 03:00:46 | DEBUG    | 签名JS加载成功
2026-04-15 03:00:51 | INFO     | SQLite数据库初始化完成: data/MS4wLjABAAAA2FYVN1jBWaTVasx7wXcsK0rCPfSYixt5-J1pUegQIbA/data.db
2026-04-15 03:00:51 | INFO     | 从数据库下载用户 MS4wLjABAAAA2FYVN1jB... 的video媒体文件
2026-04-15 03:00:51 | INFO     | 没有需要下载的媒体文件
2026-04-15 03:00:51 | INFO     | 从CSV下载用户 MS4wLjABAAAA2FYVN1jB... 的comment媒体文件 (共396个视频)
2026-04-15 03:00:55 | INFO     | 更新CSV成功: 1 条记录
2026-04-15 03:00:55 | INFO     | 更新数据库成功: 1 条记录
2026-04-15 03:00:56 | INFO     | 更新CSV成功: 1 条记录
2026-04-15 03:00:56 | INFO     | 更新数据库成功: 1 条记录
2026-04-15 03:00:56 | INFO     | 更新CSV成功: 6 条记录
2026-04-15 03:00:56 | INFO     | 更新数据库成功: 6 条记录
2026-04-15 03:00:56 | INFO     | 完成: 3个视频有媒体需要下载, 393个视频无需下载
2026-04-15 03:00:56 | INFO     | 从CSV下载用户 MS4wLjABAAAA2FYVN1jB... 的reply媒体文件 (共396个视频)
2026-04-15 03:00:57 | INFO     | 完成: 0个视频有媒体需要下载, 396个视频无需下载
2026-04-15 03:00:57 | INFO     | SQLite连接已关闭: data/MS4wLjABAAAA2FYVN1jBWaTVasx7wXcsK0rCPfSYixt5-J1pUegQIbA/data.db
2026-04-15 03:00:57 | INFO     | SQLite连接已关闭: data/MS4wLjABAAAA2FYVN1jBWaTVasx7wXcsK0rCPfSYixt5-J1pUegQIbA/data.db
2026-04-15 03:00:57 | INFO     | 资源清理完成
2026-04-16 03:23:21 | DEBUG    | 签名JS加载成功
2026-04-16 03:23:26 | INFO     | SQLite数据库初始化完成: data/MS4wLjABAAAA2FYVN1jBWaTVasx7wXcsK0rCPfSYixt5-J1pUegQIbA/data.db
2026-04-16 03:23:26 | INFO     | 开始采集用户 MS4wLjABAAAA2FYVN1jB... 的作品
2026-04-16 03:23:28 | DEBUG    | API响应: aweme_list=10, has_more=1, max_cursor=1772527643000
2026-04-16 03:23:29 | INFO     | 用户 MS4wLjABAAAA2FYVN1jB... [作品采集完成] total:10 | new:0 | new_csv:0 | new_db:0 | duration:3.6秒
2026-04-16 03:23:29 | INFO     | 开始采集用户 MS4wLjABAAAA2FYVN1jB... 的评论，共 10 个视频
2026-04-16 03:26:31 | INFO     | 保存 1 条新数据到 data/MS4wLjABAAAA2FYVN1jBWaTVasx7wXcsK0rCPfSYixt5-J1pUegQIbA/2026-04/7626441345066862705/comments.csv
2026-04-16 03:26:31 | INFO     | 保存 1 条新数据到数据库表 comments
2026-04-16 03:26:50 | INFO     | 保存 4 条新数据到 data/MS4wLjABAAAA2FYVN1jBWaTVasx7wXcsK0rCPfSYixt5-J1pUegQIbA/2026-04/7627558294349234875/comments.csv
2026-04-16 03:26:50 | INFO     | 保存 4 条新数据到数据库表 comments
2026-04-16 03:26:51 | INFO     | 用户 MS4wLjABAAAA2FYVN1jB... [评论采集完成] total:1130 | new:5 | new_csv:5 | new_db:5 | videos:10 | duration:201.6秒
2026-04-16 03:26:51 | INFO     | 开始采集用户 MS4wLjABAAAA2FYVN1jB... 的回复，共 110 条评论，10 个视频 (并发数: 3)
2026-04-16 03:27:59 | INFO     | 保存 3 条新数据到 data/MS4wLjABAAAA2FYVN1jBWaTVasx7wXcsK0rCPfSYixt5-J1pUegQIbA/2026-04/7627558294349234875/replies.csv
2026-04-16 03:27:59 | INFO     | 保存 3 条新数据到数据库表 replies
2026-04-16 03:27:59 | INFO     | 用户 MS4wLjABAAAA2FYVN1jB... [回复采集完成] total:316 | new:3 | new_csv:3 | new_db:3 | comments:110 | videos:10 | duration:68.0秒
2026-04-16 03:27:59 | INFO     | SQLite连接已关闭: data/MS4wLjABAAAA2FYVN1jBWaTVasx7wXcsK0rCPfSYixt5-J1pUegQIbA/data.db
2026-04-16 03:27:59 | INFO     | SQLite连接已关闭: data/MS4wLjABAAAA2FYVN1jBWaTVasx7wXcsK0rCPfSYixt5-J1pUegQIbA/data.db
2026-04-16 03:27:59 | INFO     | 资源清理完成
2026-04-16 03:28:00 | DEBUG    | 签名JS加载成功
2026-04-16 03:28:05 | INFO     | SQLite数据库初始化完成: data/MS4wLjABAAAA2FYVN1jBWaTVasx7wXcsK0rCPfSYixt5-J1pUegQIbA/data.db
2026-04-16 03:28:05 | INFO     | 从数据库下载用户 MS4wLjABAAAA2FYVN1jB... 的video媒体文件
2026-04-16 03:28:05 | INFO     | 没有需要下载的媒体文件
2026-04-16 03:28:05 | INFO     | 从CSV下载用户 MS4wLjABAAAA2FYVN1jB... 的comment媒体文件 (共396个视频)
2026-04-16 03:28:07 | INFO     | 更新CSV成功: 1 条记录
2026-04-16 03:28:07 | INFO     | 更新数据库成功: 1 条记录
2026-04-16 03:28:07 | INFO     | 更新CSV成功: 4 条记录
2026-04-16 03:28:07 | INFO     | 更新数据库成功: 4 条记录
2026-04-16 03:28:07 | INFO     | 完成: 2个视频有媒体需要下载, 394个视频无需下载
2026-04-16 03:28:07 | INFO     | 从CSV下载用户 MS4wLjABAAAA2FYVN1jB... 的reply媒体文件 (共396个视频)
2026-04-16 03:28:08 | INFO     | 更新CSV成功: 3 条记录
2026-04-16 03:28:08 | INFO     | 更新数据库成功: 3 条记录
2026-04-16 03:28:08 | INFO     | 完成: 1个视频有媒体需要下载, 395个视频无需下载
2026-04-16 03:28:08 | INFO     | SQLite连接已关闭: data/MS4wLjABAAAA2FYVN1jBWaTVasx7wXcsK0rCPfSYixt5-J1pUegQIbA/data.db
2026-04-16 03:28:08 | INFO     | SQLite连接已关闭: data/MS4wLjABAAAA2FYVN1jBWaTVasx7wXcsK0rCPfSYixt5-J1pUegQIbA/data.db
2026-04-16 03:28:08 | INFO     | 资源清理完成
2026-04-17 03:18:10 | DEBUG    | 签名JS加载成功
2026-04-17 03:18:15 | INFO     | SQLite数据库初始化完成: data/MS4wLjABAAAA2FYVN1jBWaTVasx7wXcsK0rCPfSYixt5-J1pUegQIbA/data.db
2026-04-17 03:18:15 | INFO     | 开始采集用户 MS4wLjABAAAA2FYVN1jB... 的作品
2026-04-17 03:18:17 | DEBUG    | API响应: aweme_list=10, has_more=1, max_cursor=1772527643000
2026-04-17 03:18:18 | INFO     | 用户 MS4wLjABAAAA2FYVN1jB... [作品采集完成] total:10 | new:0 | new_csv:0 | new_db:0 | duration:2.7秒
2026-04-17 03:18:18 | INFO     | 开始采集用户 MS4wLjABAAAA2FYVN1jB... 的评论，共 10 个视频
2026-04-17 03:20:47 | INFO     | 保存 1 条新数据到 data/MS4wLjABAAAA2FYVN1jBWaTVasx7wXcsK0rCPfSYixt5-J1pUegQIbA/2026-04/7624581934820144074/comments.csv
2026-04-17 03:20:47 | INFO     | 保存 1 条新数据到数据库表 comments
2026-04-17 03:21:31 | INFO     | 保存 4 条新数据到 data/MS4wLjABAAAA2FYVN1jBWaTVasx7wXcsK0rCPfSYixt5-J1pUegQIbA/2026-04/7627558294349234875/comments.csv
2026-04-17 03:21:31 | INFO     | 保存 4 条新数据到数据库表 comments
2026-04-17 03:21:32 | INFO     | 用户 MS4wLjABAAAA2FYVN1jB... [评论采集完成] total:1134 | new:5 | new_csv:5 | new_db:5 | videos:10 | duration:194.0秒
2026-04-17 03:21:32 | INFO     | 开始采集用户 MS4wLjABAAAA2FYVN1jB... 的回复，共 110 条评论，10 个视频 (并发数: 3)
2026-04-17 03:22:39 | INFO     | 保存 1 条新数据到 data/MS4wLjABAAAA2FYVN1jBWaTVasx7wXcsK0rCPfSYixt5-J1pUegQIbA/2026-04/7627558294349234875/replies.csv
2026-04-17 03:22:39 | INFO     | 保存 1 条新数据到数据库表 replies
2026-04-17 03:22:39 | INFO     | 用户 MS4wLjABAAAA2FYVN1jB... [回复采集完成] total:315 | new:1 | new_csv:1 | new_db:1 | comments:110 | videos:10 | duration:66.6秒
2026-04-17 03:22:39 | INFO     | SQLite连接已关闭: data/MS4wLjABAAAA2FYVN1jBWaTVasx7wXcsK0rCPfSYixt5-J1pUegQIbA/data.db
2026-04-17 03:22:39 | INFO     | SQLite连接已关闭: data/MS4wLjABAAAA2FYVN1jBWaTVasx7wXcsK0rCPfSYixt5-J1pUegQIbA/data.db
2026-04-17 03:22:39 | INFO     | 资源清理完成
2026-04-17 03:22:39 | DEBUG    | 签名JS加载成功
2026-04-17 03:22:44 | INFO     | SQLite数据库初始化完成: data/MS4wLjABAAAA2FYVN1jBWaTVasx7wXcsK0rCPfSYixt5-J1pUegQIbA/data.db
2026-04-17 03:22:44 | INFO     | 从数据库下载用户 MS4wLjABAAAA2FYVN1jB... 的video媒体文件
2026-04-17 03:22:44 | INFO     | 没有需要下载的媒体文件
2026-04-17 03:22:44 | INFO     | 从CSV下载用户 MS4wLjABAAAA2FYVN1jB... 的comment媒体文件 (共396个视频)
2026-04-17 03:22:48 | INFO     | 更新CSV成功: 1 条记录
2026-04-17 03:22:48 | INFO     | 更新数据库成功: 1 条记录
2026-04-17 03:22:49 | INFO     | 更新CSV成功: 4 条记录
2026-04-17 03:22:49 | INFO     | 更新数据库成功: 4 条记录
2026-04-17 03:22:49 | INFO     | 完成: 2个视频有媒体需要下载, 394个视频无需下载
2026-04-17 03:22:49 | INFO     | 从CSV下载用户 MS4wLjABAAAA2FYVN1jB... 的reply媒体文件 (共396个视频)
2026-04-17 03:22:49 | INFO     | 更新CSV成功: 1 条记录
2026-04-17 03:22:49 | INFO     | 更新数据库成功: 1 条记录
2026-04-17 03:22:49 | INFO     | 完成: 1个视频有媒体需要下载, 395个视频无需下载
2026-04-17 03:22:49 | INFO     | SQLite连接已关闭: data/MS4wLjABAAAA2FYVN1jBWaTVasx7wXcsK0rCPfSYixt5-J1pUegQIbA/data.db
2026-04-17 03:22:49 | INFO     | SQLite连接已关闭: data/MS4wLjABAAAA2FYVN1jBWaTVasx7wXcsK0rCPfSYixt5-J1pUegQIbA/data.db
2026-04-17 03:22:49 | INFO     | 资源清理完成
2026-04-18 02:50:10 | DEBUG    | 签名JS加载成功
2026-04-18 02:50:15 | INFO     | SQLite数据库初始化完成: data/MS4wLjABAAAA2FYVN1jBWaTVasx7wXcsK0rCPfSYixt5-J1pUegQIbA/data.db
2026-04-18 02:50:15 | INFO     | 开始采集用户 MS4wLjABAAAA2FYVN1jB... 的作品
2026-04-18 02:50:18 | DEBUG    | API响应: aweme_list=10, has_more=1, max_cursor=1772528893000
2026-04-18 02:50:19 | INFO     | 保存 1 条新数据到 data/MS4wLjABAAAA2FYVN1jBWaTVasx7wXcsK0rCPfSYixt5-J1pUegQIbA/videos.csv
2026-04-18 02:50:19 | INFO     | 保存 1 条新数据到数据库表 videos
2026-04-18 02:50:19 | INFO     | 用户 MS4wLjABAAAA2FYVN1jB... [作品采集完成] total:10 | new:1 | new_csv:1 | new_db:1 | duration:3.5秒
2026-04-18 02:50:19 | INFO     | 开始采集用户 MS4wLjABAAAA2FYVN1jB... 的评论，共 10 个视频
2026-04-18 02:52:22 | INFO     | 保存 3 条新数据到 data/MS4wLjABAAAA2FYVN1jBWaTVasx7wXcsK0rCPfSYixt5-J1pUegQIbA/2026-04/7627558294349234875/comments.csv
2026-04-18 02:52:22 | INFO     | 保存 3 条新数据到数据库表 comments
2026-04-18 02:52:42 | INFO     | 保存 129 条新数据到 data/MS4wLjABAAAA2FYVN1jBWaTVasx7wXcsK0rCPfSYixt5-J1pUegQIbA/2026-04/7629651594590023163/comments.csv
2026-04-18 02:52:42 | INFO     | 保存 129 条新数据到数据库表 comments
2026-04-18 02:52:43 | INFO     | 用户 MS4wLjABAAAA2FYVN1jB... [评论采集完成] total:889 | new:132 | new_csv:132 | new_db:132 | videos:10 | duration:143.9秒
2026-04-18 02:52:43 | INFO     | 开始采集用户 MS4wLjABAAAA2FYVN1jB... 的回复，共 94 条评论，10 个视频 (并发数: 3)
2026-04-18 02:53:39 | INFO     | 保存 1 条新数据到 data/MS4wLjABAAAA2FYVN1jBWaTVasx7wXcsK0rCPfSYixt5-J1pUegQIbA/2026-04/7627558294349234875/replies.csv
2026-04-18 02:53:39 | INFO     | 保存 1 条新数据到数据库表 replies
2026-04-18 02:53:44 | INFO     | 保存 24 条新数据到 data/MS4wLjABAAAA2FYVN1jBWaTVasx7wXcsK0rCPfSYixt5-J1pUegQIbA/2026-04/7629651594590023163/replies.csv
2026-04-18 02:53:44 | INFO     | 保存 24 条新数据到数据库表 replies
2026-04-18 02:53:44 | INFO     | 用户 MS4wLjABAAAA2FYVN1jB... [回复采集完成] total:276 | new:25 | new_csv:25 | new_db:25 | comments:94 | videos:10 | duration:60.2秒
2026-04-18 02:53:44 | INFO     | SQLite连接已关闭: data/MS4wLjABAAAA2FYVN1jBWaTVasx7wXcsK0rCPfSYixt5-J1pUegQIbA/data.db
2026-04-18 02:53:44 | INFO     | SQLite连接已关闭: data/MS4wLjABAAAA2FYVN1jBWaTVasx7wXcsK0rCPfSYixt5-J1pUegQIbA/data.db
2026-04-18 02:53:44 | INFO     | 资源清理完成
2026-04-18 02:53:44 | DEBUG    | 签名JS加载成功
2026-04-18 02:53:49 | INFO     | SQLite数据库初始化完成: data/MS4wLjABAAAA2FYVN1jBWaTVasx7wXcsK0rCPfSYixt5-J1pUegQIbA/data.db
2026-04-18 02:53:49 | INFO     | 从数据库下载用户 MS4wLjABAAAA2FYVN1jB... 的video媒体文件
2026-04-18 02:53:49 | INFO     | 找到 1 条数据需要下载媒体
2026-04-18 02:53:51 | INFO     | 更新CSV成功: 1 条记录
2026-04-18 02:53:51 | INFO     | 更新数据库成功: 1 条记录
2026-04-18 02:53:51 | INFO     | 从CSV下载用户 MS4wLjABAAAA2FYVN1jB... 的comment媒体文件 (共397个视频)
2026-04-18 02:53:54 | INFO     | 更新CSV成功: 3 条记录
2026-04-18 02:53:54 | INFO     | 更新数据库成功: 3 条记录
2026-04-18 02:54:00 | INFO     | 更新CSV成功: 100 条记录
2026-04-18 02:54:00 | INFO     | 更新数据库成功: 100 条记录
2026-04-18 02:54:02 | INFO     | 更新CSV成功: 29 条记录
2026-04-18 02:54:02 | INFO     | 更新数据库成功: 29 条记录
2026-04-18 02:54:02 | INFO     | 完成: 2个视频有媒体需要下载, 395个视频无需下载
2026-04-18 02:54:02 | INFO     | 从CSV下载用户 MS4wLjABAAAA2FYVN1jB... 的reply媒体文件 (共397个视频)
2026-04-18 02:54:02 | INFO     | 更新CSV成功: 1 条记录
2026-04-18 02:54:02 | INFO     | 更新数据库成功: 1 条记录
2026-04-18 02:54:03 | INFO     | 更新CSV成功: 24 条记录
2026-04-18 02:54:03 | INFO     | 更新数据库成功: 24 条记录
2026-04-18 02:54:03 | INFO     | 完成: 2个视频有媒体需要下载, 395个视频无需下载
2026-04-18 02:54:03 | INFO     | SQLite连接已关闭: data/MS4wLjABAAAA2FYVN1jBWaTVasx7wXcsK0rCPfSYixt5-J1pUegQIbA/data.db
2026-04-18 02:54:03 | INFO     | SQLite连接已关闭: data/MS4wLjABAAAA2FYVN1jBWaTVasx7wXcsK0rCPfSYixt5-J1pUegQIbA/data.db
2026-04-18 02:54:03 | INFO     | 资源清理完成
2026-04-19 03:25:23 | DEBUG    | 签名JS加载成功
2026-04-19 03:25:28 | INFO     | SQLite数据库初始化完成: data/MS4wLjABAAAA2FYVN1jBWaTVasx7wXcsK0rCPfSYixt5-J1pUegQIbA/data.db
2026-04-19 03:25:28 | INFO     | 开始采集用户 MS4wLjABAAAA2FYVN1jB... 的作品
2026-04-19 03:25:31 | DEBUG    | API响应: aweme_list=10, has_more=1, max_cursor=1772528893000
2026-04-19 03:25:32 | INFO     | 用户 MS4wLjABAAAA2FYVN1jB... [作品采集完成] total:10 | new:0 | new_csv:0 | new_db:0 | duration:4.0秒
2026-04-19 03:25:32 | INFO     | 开始采集用户 MS4wLjABAAAA2FYVN1jB... 的评论，共 10 个视频
2026-04-19 03:27:45 | INFO     | 保存 1 条新数据到 data/MS4wLjABAAAA2FYVN1jBWaTVasx7wXcsK0rCPfSYixt5-J1pUegQIbA/2026-04/7627558294349234875/comments.csv
2026-04-19 03:27:45 | INFO     | 保存 1 条新数据到数据库表 comments
2026-04-19 03:28:11 | INFO     | 保存 26 条新数据到 data/MS4wLjABAAAA2FYVN1jBWaTVasx7wXcsK0rCPfSYixt5-J1pUegQIbA/2026-04/7629651594590023163/comments.csv
2026-04-19 03:28:11 | INFO     | 保存 26 条新数据到数据库表 comments
2026-04-19 03:28:12 | INFO     | 用户 MS4wLjABAAAA2FYVN1jB... [评论采集完成] total:916 | new:27 | new_csv:27 | new_db:27 | videos:10 | duration:159.9秒
2026-04-19 03:28:12 | INFO     | 开始采集用户 MS4wLjABAAAA2FYVN1jB... 的回复，共 94 条评论，10 个视频 (并发数: 3)
2026-04-19 03:29:14 | INFO     | 保存 1 条新数据到 data/MS4wLjABAAAA2FYVN1jBWaTVasx7wXcsK0rCPfSYixt5-J1pUegQIbA/2026-04/7629651594590023163/replies.csv
2026-04-19 03:29:14 | INFO     | 保存 1 条新数据到数据库表 replies
2026-04-19 03:29:14 | INFO     | 用户 MS4wLjABAAAA2FYVN1jB... [回复采集完成] total:277 | new:1 | new_csv:1 | new_db:1 | comments:94 | videos:10 | duration:61.5秒
2026-04-19 03:29:14 | INFO     | SQLite连接已关闭: data/MS4wLjABAAAA2FYVN1jBWaTVasx7wXcsK0rCPfSYixt5-J1pUegQIbA/data.db
2026-04-19 03:29:14 | INFO     | SQLite连接已关闭: data/MS4wLjABAAAA2FYVN1jBWaTVasx7wXcsK0rCPfSYixt5-J1pUegQIbA/data.db
2026-04-19 03:29:14 | INFO     | 资源清理完成
2026-04-19 03:29:14 | DEBUG    | 签名JS加载成功
2026-04-19 03:29:19 | INFO     | SQLite数据库初始化完成: data/MS4wLjABAAAA2FYVN1jBWaTVasx7wXcsK0rCPfSYixt5-J1pUegQIbA/data.db
2026-04-19 03:29:19 | INFO     | 从数据库下载用户 MS4wLjABAAAA2FYVN1jB... 的video媒体文件
2026-04-19 03:29:19 | INFO     | 没有需要下载的媒体文件
2026-04-19 03:29:19 | INFO     | 从CSV下载用户 MS4wLjABAAAA2FYVN1jB... 的comment媒体文件 (共397个视频)
2026-04-19 03:29:23 | INFO     | 更新CSV成功: 1 条记录
2026-04-19 03:29:23 | INFO     | 更新数据库成功: 1 条记录
2026-04-19 03:29:24 | INFO     | 更新CSV成功: 26 条记录
2026-04-19 03:29:24 | INFO     | 更新数据库成功: 26 条记录
2026-04-19 03:29:24 | INFO     | 完成: 2个视频有媒体需要下载, 395个视频无需下载
2026-04-19 03:29:24 | INFO     | 从CSV下载用户 MS4wLjABAAAA2FYVN1jB... 的reply媒体文件 (共397个视频)
2026-04-19 03:29:25 | INFO     | 更新CSV成功: 1 条记录
2026-04-19 03:29:25 | INFO     | 更新数据库成功: 1 条记录
2026-04-19 03:29:25 | INFO     | 完成: 1个视频有媒体需要下载, 396个视频无需下载
2026-04-19 03:29:25 | INFO     | SQLite连接已关闭: data/MS4wLjABAAAA2FYVN1jBWaTVasx7wXcsK0rCPfSYixt5-J1pUegQIbA/data.db
2026-04-19 03:29:25 | INFO     | SQLite连接已关闭: data/MS4wLjABAAAA2FYVN1jBWaTVasx7wXcsK0rCPfSYixt5-J1pUegQIbA/data.db
2026-04-19 03:29:25 | INFO     | 资源清理完成
2026-04-20 03:27:31 | DEBUG    | 签名JS加载成功
2026-04-20 03:27:36 | INFO     | SQLite数据库初始化完成: data/MS4wLjABAAAA2FYVN1jBWaTVasx7wXcsK0rCPfSYixt5-J1pUegQIbA/data.db
2026-04-20 03:27:36 | INFO     | 开始采集用户 MS4wLjABAAAA2FYVN1jB... 的作品
2026-04-20 03:27:39 | DEBUG    | API响应: aweme_list=10, has_more=1, max_cursor=1772528893000
2026-04-20 03:27:40 | INFO     | 用户 MS4wLjABAAAA2FYVN1jB... [作品采集完成] total:10 | new:0 | new_csv:0 | new_db:0 | duration:3.5秒
2026-04-20 03:27:40 | INFO     | 开始采集用户 MS4wLjABAAAA2FYVN1jB... 的评论，共 10 个视频
2026-04-20 03:29:45 | INFO     | 保存 1 条新数据到 data/MS4wLjABAAAA2FYVN1jBWaTVasx7wXcsK0rCPfSYixt5-J1pUegQIbA/2026-04/7627558294349234875/comments.csv
2026-04-20 03:29:45 | INFO     | 保存 1 条新数据到数据库表 comments
2026-04-20 03:30:12 | INFO     | 保存 5 条新数据到 data/MS4wLjABAAAA2FYVN1jBWaTVasx7wXcsK0rCPfSYixt5-J1pUegQIbA/2026-04/7629651594590023163/comments.csv
2026-04-20 03:30:12 | INFO     | 保存 5 条新数据到数据库表 comments
2026-04-20 03:30:13 | INFO     | 用户 MS4wLjABAAAA2FYVN1jB... [评论采集完成] total:922 | new:6 | new_csv:6 | new_db:6 | videos:10 | duration:152.8秒
2026-04-20 03:30:13 | INFO     | 开始采集用户 MS4wLjABAAAA2FYVN1jB... 的回复，共 96 条评论，10 个视频 (并发数: 3)
2026-04-20 03:31:09 | INFO     | 保存 2 条新数据到 data/MS4wLjABAAAA2FYVN1jBWaTVasx7wXcsK0rCPfSYixt5-J1pUegQIbA/2026-04/7627558294349234875/replies.csv
2026-04-20 03:31:09 | INFO     | 保存 2 条新数据到数据库表 replies
2026-04-20 03:31:14 | INFO     | 保存 4 条新数据到 data/MS4wLjABAAAA2FYVN1jBWaTVasx7wXcsK0rCPfSYixt5-J1pUegQIbA/2026-04/7629651594590023163/replies.csv
2026-04-20 03:31:14 | INFO     | 保存 4 条新数据到数据库表 replies
2026-04-20 03:31:14 | INFO     | 用户 MS4wLjABAAAA2FYVN1jB... [回复采集完成] total:283 | new:6 | new_csv:6 | new_db:6 | comments:96 | videos:10 | duration:60.7秒
2026-04-20 03:31:14 | INFO     | SQLite连接已关闭: data/MS4wLjABAAAA2FYVN1jBWaTVasx7wXcsK0rCPfSYixt5-J1pUegQIbA/data.db
2026-04-20 03:31:14 | INFO     | SQLite连接已关闭: data/MS4wLjABAAAA2FYVN1jBWaTVasx7wXcsK0rCPfSYixt5-J1pUegQIbA/data.db
2026-04-20 03:31:14 | INFO     | 资源清理完成
2026-04-20 03:31:14 | DEBUG    | 签名JS加载成功
2026-04-20 03:31:19 | INFO     | SQLite数据库初始化完成: data/MS4wLjABAAAA2FYVN1jBWaTVasx7wXcsK0rCPfSYixt5-J1pUegQIbA/data.db
2026-04-20 03:31:19 | INFO     | 从数据库下载用户 MS4wLjABAAAA2FYVN1jB... 的video媒体文件
2026-04-20 03:31:19 | INFO     | 没有需要下载的媒体文件
2026-04-20 03:31:19 | INFO     | 从CSV下载用户 MS4wLjABAAAA2FYVN1jB... 的comment媒体文件 (共397个视频)
2026-04-20 03:31:22 | INFO     | 更新CSV成功: 1 条记录
2026-04-20 03:31:22 | INFO     | 更新数据库成功: 1 条记录
2026-04-20 03:31:22 | INFO     | 更新CSV成功: 5 条记录
2026-04-20 03:31:22 | INFO     | 更新数据库成功: 5 条记录
2026-04-20 03:31:22 | INFO     | 完成: 2个视频有媒体需要下载, 395个视频无需下载
2026-04-20 03:31:22 | INFO     | 从CSV下载用户 MS4wLjABAAAA2FYVN1jB... 的reply媒体文件 (共397个视频)
2026-04-20 03:31:23 | INFO     | 更新CSV成功: 2 条记录
2026-04-20 03:31:23 | INFO     | 更新数据库成功: 2 条记录
2026-04-20 03:31:23 | INFO     | 更新CSV成功: 4 条记录
2026-04-20 03:31:23 | INFO     | 更新数据库成功: 4 条记录
2026-04-20 03:31:23 | INFO     | 完成: 2个视频有媒体需要下载, 395个视频无需下载
2026-04-20 03:31:23 | INFO     | SQLite连接已关闭: data/MS4wLjABAAAA2FYVN1jBWaTVasx7wXcsK0rCPfSYixt5-J1pUegQIbA/data.db
2026-04-20 03:31:23 | INFO     | SQLite连接已关闭: data/MS4wLjABAAAA2FYVN1jBWaTVasx7wXcsK0rCPfSYixt5-J1pUegQIbA/data.db
2026-04-20 03:31:23 | INFO     | 资源清理完成
2026-04-21 03:19:02 | DEBUG    | 签名JS加载成功
2026-04-21 03:19:07 | INFO     | SQLite数据库初始化完成: data/MS4wLjABAAAA2FYVN1jBWaTVasx7wXcsK0rCPfSYixt5-J1pUegQIbA/data.db
2026-04-21 03:19:07 | INFO     | 开始采集用户 MS4wLjABAAAA2FYVN1jB... 的作品
2026-04-21 03:19:09 | DEBUG    | API响应: aweme_list=10, has_more=1, max_cursor=1772528893000
2026-04-21 03:19:10 | INFO     | 用户 MS4wLjABAAAA2FYVN1jB... [作品采集完成] total:10 | new:0 | new_csv:0 | new_db:0 | duration:3.6秒
2026-04-21 03:19:10 | INFO     | 开始采集用户 MS4wLjABAAAA2FYVN1jB... 的评论，共 10 个视频
2026-04-21 03:22:41 | INFO     | 保存 9 条新数据到 data/MS4wLjABAAAA2FYVN1jBWaTVasx7wXcsK0rCPfSYixt5-J1pUegQIbA/2026-04/7629651594590023163/comments.csv
2026-04-21 03:22:41 | INFO     | 保存 9 条新数据到数据库表 comments
2026-04-21 03:22:42 | INFO     | 用户 MS4wLjABAAAA2FYVN1jB... [评论采集完成] total:931 | new:9 | new_csv:9 | new_db:9 | videos:10 | duration:211.4秒
2026-04-21 03:22:42 | INFO     | 开始采集用户 MS4wLjABAAAA2FYVN1jB... 的回复，共 96 条评论，10 个视频 (并发数: 3)
2026-04-21 03:23:40 | INFO     | 保存 1 条新数据到 data/MS4wLjABAAAA2FYVN1jBWaTVasx7wXcsK0rCPfSYixt5-J1pUegQIbA/2026-04/7627558294349234875/replies.csv
2026-04-21 03:23:40 | INFO     | 保存 1 条新数据到数据库表 replies
2026-04-21 03:24:01 | INFO     | 用户 MS4wLjABAAAA2FYVN1jB... [回复采集完成] total:284 | new:1 | new_csv:1 | new_db:1 | comments:96 | videos:10 | duration:79.0秒
2026-04-21 03:24:01 | INFO     | SQLite连接已关闭: data/MS4wLjABAAAA2FYVN1jBWaTVasx7wXcsK0rCPfSYixt5-J1pUegQIbA/data.db
2026-04-21 03:24:01 | INFO     | SQLite连接已关闭: data/MS4wLjABAAAA2FYVN1jBWaTVasx7wXcsK0rCPfSYixt5-J1pUegQIbA/data.db
2026-04-21 03:24:01 | INFO     | 资源清理完成
2026-04-21 03:24:01 | DEBUG    | 签名JS加载成功
2026-04-21 03:24:06 | INFO     | SQLite数据库初始化完成: data/MS4wLjABAAAA2FYVN1jBWaTVasx7wXcsK0rCPfSYixt5-J1pUegQIbA/data.db
2026-04-21 03:24:06 | INFO     | 从数据库下载用户 MS4wLjABAAAA2FYVN1jB... 的video媒体文件
2026-04-21 03:24:06 | INFO     | 没有需要下载的媒体文件
2026-04-21 03:24:06 | INFO     | 从CSV下载用户 MS4wLjABAAAA2FYVN1jB... 的comment媒体文件 (共397个视频)
2026-04-21 03:24:09 | INFO     | 更新CSV成功: 9 条记录
2026-04-21 03:24:09 | INFO     | 更新数据库成功: 9 条记录
2026-04-21 03:24:09 | INFO     | 完成: 1个视频有媒体需要下载, 396个视频无需下载
2026-04-21 03:24:09 | INFO     | 从CSV下载用户 MS4wLjABAAAA2FYVN1jB... 的reply媒体文件 (共397个视频)
2026-04-21 03:24:10 | INFO     | 更新CSV成功: 1 条记录
2026-04-21 03:24:10 | INFO     | 更新数据库成功: 1 条记录
2026-04-21 03:24:10 | INFO     | 完成: 1个视频有媒体需要下载, 396个视频无需下载
2026-04-21 03:24:10 | INFO     | SQLite连接已关闭: data/MS4wLjABAAAA2FYVN1jBWaTVasx7wXcsK0rCPfSYixt5-J1pUegQIbA/data.db
2026-04-21 03:24:10 | INFO     | SQLite连接已关闭: data/MS4wLjABAAAA2FYVN1jBWaTVasx7wXcsK0rCPfSYixt5-J1pUegQIbA/data.db
2026-04-21 03:24:10 | INFO     | 资源清理完成
2026-04-22 03:18:05 | DEBUG    | 签名JS加载成功
2026-04-22 03:18:10 | INFO     | SQLite数据库初始化完成: data/MS4wLjABAAAA2FYVN1jBWaTVasx7wXcsK0rCPfSYixt5-J1pUegQIbA/data.db
2026-04-22 03:18:10 | INFO     | 开始采集用户 MS4wLjABAAAA2FYVN1jB... 的作品
2026-04-22 03:18:12 | DEBUG    | API响应: aweme_list=10, has_more=1, max_cursor=1772528893000
2026-04-22 03:18:13 | INFO     | 用户 MS4wLjABAAAA2FYVN1jB... [作品采集完成] total:10 | new:0 | new_csv:0 | new_db:0 | duration:2.9秒
2026-04-22 03:18:13 | INFO     | 开始采集用户 MS4wLjABAAAA2FYVN1jB... 的评论，共 10 个视频
2026-04-22 03:19:44 | INFO     | 保存 1 条新数据到 data/MS4wLjABAAAA2FYVN1jBWaTVasx7wXcsK0rCPfSYixt5-J1pUegQIbA/2026-04/7624581934820144074/comments.csv
2026-04-22 03:19:44 | INFO     | 保存 1 条新数据到数据库表 comments
2026-04-22 03:20:29 | INFO     | 保存 1 条新数据到 data/MS4wLjABAAAA2FYVN1jBWaTVasx7wXcsK0rCPfSYixt5-J1pUegQIbA/2026-04/7627558294349234875/comments.csv
2026-04-22 03:20:29 | INFO     | 保存 1 条新数据到数据库表 comments
2026-04-22 03:21:00 | INFO     | 保存 6 条新数据到 data/MS4wLjABAAAA2FYVN1jBWaTVasx7wXcsK0rCPfSYixt5-J1pUegQIbA/2026-04/7629651594590023163/comments.csv
2026-04-22 03:21:00 | INFO     | 保存 6 条新数据到数据库表 comments
2026-04-22 03:21:01 | INFO     | 用户 MS4wLjABAAAA2FYVN1jB... [评论采集完成] total:939 | new:8 | new_csv:8 | new_db:8 | videos:10 | duration:167.9秒
2026-04-22 03:21:02 | INFO     | 开始采集用户 MS4wLjABAAAA2FYVN1jB... 的回复，共 96 条评论，10 个视频 (并发数: 3)
2026-04-22 03:22:03 | INFO     | 用户 MS4wLjABAAAA2FYVN1jB... [回复采集完成] total:284 | new:0 | new_csv:0 | new_db:0 | comments:96 | videos:10 | duration:61.1秒
2026-04-22 03:22:03 | INFO     | SQLite连接已关闭: data/MS4wLjABAAAA2FYVN1jBWaTVasx7wXcsK0rCPfSYixt5-J1pUegQIbA/data.db
2026-04-22 03:22:03 | INFO     | SQLite连接已关闭: data/MS4wLjABAAAA2FYVN1jBWaTVasx7wXcsK0rCPfSYixt5-J1pUegQIbA/data.db
2026-04-22 03:22:03 | INFO     | 资源清理完成
2026-04-22 03:22:03 | DEBUG    | 签名JS加载成功
2026-04-22 03:22:08 | INFO     | SQLite数据库初始化完成: data/MS4wLjABAAAA2FYVN1jBWaTVasx7wXcsK0rCPfSYixt5-J1pUegQIbA/data.db
2026-04-22 03:22:08 | INFO     | 从数据库下载用户 MS4wLjABAAAA2FYVN1jB... 的video媒体文件
2026-04-22 03:22:08 | INFO     | 没有需要下载的媒体文件
2026-04-22 03:22:08 | INFO     | 从CSV下载用户 MS4wLjABAAAA2FYVN1jB... 的comment媒体文件 (共397个视频)
2026-04-22 03:22:12 | INFO     | 更新CSV成功: 1 条记录
2026-04-22 03:22:12 | INFO     | 更新数据库成功: 1 条记录
2026-04-22 03:22:12 | INFO     | 更新CSV成功: 1 条记录
2026-04-22 03:22:12 | INFO     | 更新数据库成功: 1 条记录
2026-04-22 03:22:13 | INFO     | 更新CSV成功: 6 条记录
2026-04-22 03:22:13 | INFO     | 更新数据库成功: 6 条记录
2026-04-22 03:22:13 | INFO     | 完成: 3个视频有媒体需要下载, 394个视频无需下载
2026-04-22 03:22:13 | INFO     | 从CSV下载用户 MS4wLjABAAAA2FYVN1jB... 的reply媒体文件 (共397个视频)
2026-04-22 03:22:14 | INFO     | 完成: 0个视频有媒体需要下载, 397个视频无需下载
2026-04-22 03:22:14 | INFO     | SQLite连接已关闭: data/MS4wLjABAAAA2FYVN1jBWaTVasx7wXcsK0rCPfSYixt5-J1pUegQIbA/data.db
2026-04-22 03:22:14 | INFO     | SQLite连接已关闭: data/MS4wLjABAAAA2FYVN1jBWaTVasx7wXcsK0rCPfSYixt5-J1pUegQIbA/data.db
2026-04-22 03:22:14 | INFO     | 资源清理完成
2026-04-23 03:21:01 | DEBUG    | 签名JS加载成功
2026-04-23 03:21:06 | INFO     | SQLite数据库初始化完成: data/MS4wLjABAAAA2FYVN1jBWaTVasx7wXcsK0rCPfSYixt5-J1pUegQIbA/data.db
2026-04-23 03:21:06 | INFO     | 开始采集用户 MS4wLjABAAAA2FYVN1jB... 的作品
2026-04-23 03:21:07 | DEBUG    | API响应: aweme_list=10, has_more=1, max_cursor=1773055968000
2026-04-23 03:21:08 | INFO     | 保存 1 条新数据到 data/MS4wLjABAAAA2FYVN1jBWaTVasx7wXcsK0rCPfSYixt5-J1pUegQIbA/videos.csv
2026-04-23 03:21:08 | INFO     | 保存 1 条新数据到数据库表 videos
2026-04-23 03:21:08 | INFO     | 用户 MS4wLjABAAAA2FYVN1jB... [作品采集完成] total:10 | new:1 | new_csv:1 | new_db:1 | duration:2.8秒
2026-04-23 03:21:08 | INFO     | 开始采集用户 MS4wLjABAAAA2FYVN1jB... 的评论，共 10 个视频
2026-04-23 03:22:21 | INFO     | 保存 1 条新数据到 data/MS4wLjABAAAA2FYVN1jBWaTVasx7wXcsK0rCPfSYixt5-J1pUegQIbA/2026-04/7624581934820144074/comments.csv
2026-04-23 03:22:21 | INFO     | 保存 1 条新数据到数据库表 comments
2026-04-23 03:23:27 | INFO     | 保存 1 条新数据到 data/MS4wLjABAAAA2FYVN1jBWaTVasx7wXcsK0rCPfSYixt5-J1pUegQIbA/2026-04/7629651594590023163/comments.csv
2026-04-23 03:23:27 | INFO     | 保存 1 条新数据到数据库表 comments
2026-04-23 03:23:34 | INFO     | 保存 48 条新数据到 data/MS4wLjABAAAA2FYVN1jBWaTVasx7wXcsK0rCPfSYixt5-J1pUegQIbA/2026-04/7631634541144461489/comments.csv
2026-04-23 03:23:34 | INFO     | 保存 48 条新数据到数据库表 comments
2026-04-23 03:23:35 | INFO     | 用户 MS4wLjABAAAA2FYVN1jB... [评论采集完成] total:946 | new:50 | new_csv:50 | new_db:50 | videos:10 | duration:146.3秒
2026-04-23 03:23:35 | INFO     | 开始采集用户 MS4wLjABAAAA2FYVN1jB... 的回复，共 98 条评论，10 个视频 (并发数: 3)
2026-04-23 03:24:34 | INFO     | 保存 15 条新数据到 data/MS4wLjABAAAA2FYVN1jBWaTVasx7wXcsK0rCPfSYixt5-J1pUegQIbA/2026-04/7631634541144461489/replies.csv
2026-04-23 03:24:34 | INFO     | 保存 15 条新数据到数据库表 replies
2026-04-23 03:24:34 | INFO     | 用户 MS4wLjABAAAA2FYVN1jB... [回复采集完成] total:287 | new:15 | new_csv:15 | new_db:15 | comments:98 | videos:10 | duration:58.9秒
2026-04-23 03:24:34 | INFO     | SQLite连接已关闭: data/MS4wLjABAAAA2FYVN1jBWaTVasx7wXcsK0rCPfSYixt5-J1pUegQIbA/data.db
2026-04-23 03:24:34 | INFO     | SQLite连接已关闭: data/MS4wLjABAAAA2FYVN1jBWaTVasx7wXcsK0rCPfSYixt5-J1pUegQIbA/data.db
2026-04-23 03:24:34 | INFO     | 资源清理完成
2026-04-23 03:24:34 | DEBUG    | 签名JS加载成功
2026-04-23 03:24:39 | INFO     | SQLite数据库初始化完成: data/MS4wLjABAAAA2FYVN1jBWaTVasx7wXcsK0rCPfSYixt5-J1pUegQIbA/data.db
2026-04-23 03:24:39 | INFO     | 从数据库下载用户 MS4wLjABAAAA2FYVN1jB... 的video媒体文件
2026-04-23 03:24:39 | INFO     | 找到 1 条数据需要下载媒体
2026-04-23 03:24:41 | INFO     | 更新CSV成功: 1 条记录
2026-04-23 03:24:41 | INFO     | 更新数据库成功: 1 条记录
2026-04-23 03:24:41 | INFO     | 从CSV下载用户 MS4wLjABAAAA2FYVN1jB... 的comment媒体文件 (共398个视频)
2026-04-23 03:24:45 | INFO     | 更新CSV成功: 1 条记录
2026-04-23 03:24:45 | INFO     | 更新数据库成功: 1 条记录
2026-04-23 03:24:45 | INFO     | 更新CSV成功: 1 条记录
2026-04-23 03:24:45 | INFO     | 更新数据库成功: 1 条记录
2026-04-23 03:24:49 | INFO     | 更新CSV成功: 48 条记录
2026-04-23 03:24:49 | INFO     | 更新数据库成功: 48 条记录
2026-04-23 03:24:49 | INFO     | 完成: 3个视频有媒体需要下载, 395个视频无需下载
2026-04-23 03:24:49 | INFO     | 从CSV下载用户 MS4wLjABAAAA2FYVN1jB... 的reply媒体文件 (共398个视频)
2026-04-23 03:24:50 | INFO     | 更新CSV成功: 15 条记录
2026-04-23 03:24:50 | INFO     | 更新数据库成功: 15 条记录
2026-04-23 03:24:50 | INFO     | 完成: 1个视频有媒体需要下载, 397个视频无需下载
2026-04-23 03:24:50 | INFO     | SQLite连接已关闭: data/MS4wLjABAAAA2FYVN1jBWaTVasx7wXcsK0rCPfSYixt5-J1pUegQIbA/data.db
2026-04-23 03:24:50 | INFO     | SQLite连接已关闭: data/MS4wLjABAAAA2FYVN1jBWaTVasx7wXcsK0rCPfSYixt5-J1pUegQIbA/data.db
2026-04-23 03:24:50 | INFO     | 资源清理完成
2026-04-24 03:23:06 | DEBUG    | 签名JS加载成功
2026-04-24 03:23:11 | INFO     | SQLite数据库初始化完成: data/MS4wLjABAAAA2FYVN1jBWaTVasx7wXcsK0rCPfSYixt5-J1pUegQIbA/data.db
2026-04-24 03:23:11 | INFO     | 开始采集用户 MS4wLjABAAAA2FYVN1jB... 的作品
2026-04-24 03:23:12 | DEBUG    | API响应: aweme_list=10, has_more=1, max_cursor=1773422028000
2026-04-24 03:23:13 | INFO     | 保存 1 条新数据到 data/MS4wLjABAAAA2FYVN1jBWaTVasx7wXcsK0rCPfSYixt5-J1pUegQIbA/videos.csv
2026-04-24 03:23:13 | INFO     | 保存 1 条新数据到数据库表 videos
2026-04-24 03:23:13 | INFO     | 用户 MS4wLjABAAAA2FYVN1jB... [作品采集完成] total:10 | new:1 | new_csv:1 | new_db:1 | duration:2.5秒
2026-04-24 03:23:13 | INFO     | 开始采集用户 MS4wLjABAAAA2FYVN1jB... 的评论，共 10 个视频
2026-04-24 03:23:56 | INFO     | 保存 1 条新数据到 data/MS4wLjABAAAA2FYVN1jBWaTVasx7wXcsK0rCPfSYixt5-J1pUegQIbA/2026-04/7624581934820144074/comments.csv
2026-04-24 03:23:56 | INFO     | 保存 1 条新数据到数据库表 comments
2026-04-24 03:25:09 | INFO     | 保存 4 条新数据到 data/MS4wLjABAAAA2FYVN1jBWaTVasx7wXcsK0rCPfSYixt5-J1pUegQIbA/2026-04/7629651594590023163/comments.csv
2026-04-24 03:25:09 | INFO     | 保存 4 条新数据到数据库表 comments
2026-04-24 03:25:18 | INFO     | 保存 3 条新数据到 data/MS4wLjABAAAA2FYVN1jBWaTVasx7wXcsK0rCPfSYixt5-J1pUegQIbA/2026-04/7631634541144461489/comments.csv
2026-04-24 03:25:18 | INFO     | 保存 3 条新数据到数据库表 comments
2026-04-24 03:25:24 | INFO     | 保存 33 条新数据到 data/MS4wLjABAAAA2FYVN1jBWaTVasx7wXcsK0rCPfSYixt5-J1pUegQIbA/2026-04/7632013241091009201/comments.csv
2026-04-24 03:25:24 | INFO     | 保存 33 条新数据到数据库表 comments
2026-04-24 03:25:25 | INFO     | 用户 MS4wLjABAAAA2FYVN1jB... [评论采集完成] total:782 | new:41 | new_csv:41 | new_db:41 | videos:10 | duration:131.5秒
2026-04-24 03:25:25 | INFO     | 开始采集用户 MS4wLjABAAAA2FYVN1jB... 的回复，共 86 条评论，10 个视频 (并发数: 3)
2026-04-24 03:26:17 | INFO     | 保存 1 条新数据到 data/MS4wLjABAAAA2FYVN1jBWaTVasx7wXcsK0rCPfSYixt5-J1pUegQIbA/2026-04/7631634541144461489/replies.csv
2026-04-24 03:26:17 | INFO     | 保存 1 条新数据到数据库表 replies
2026-04-24 03:26:19 | INFO     | 保存 4 条新数据到 data/MS4wLjABAAAA2FYVN1jBWaTVasx7wXcsK0rCPfSYixt5-J1pUegQIbA/2026-04/7632013241091009201/replies.csv
2026-04-24 03:26:19 | INFO     | 保存 4 条新数据到数据库表 replies
2026-04-24 03:26:19 | INFO     | 用户 MS4wLjABAAAA2FYVN1jB... [回复采集完成] total:258 | new:5 | new_csv:5 | new_db:5 | comments:86 | videos:10 | duration:53.4秒
2026-04-24 03:26:19 | INFO     | SQLite连接已关闭: data/MS4wLjABAAAA2FYVN1jBWaTVasx7wXcsK0rCPfSYixt5-J1pUegQIbA/data.db
2026-04-24 03:26:19 | INFO     | SQLite连接已关闭: data/MS4wLjABAAAA2FYVN1jBWaTVasx7wXcsK0rCPfSYixt5-J1pUegQIbA/data.db
2026-04-24 03:26:19 | INFO     | 资源清理完成
2026-04-24 03:26:19 | DEBUG    | 签名JS加载成功
2026-04-24 03:26:24 | INFO     | SQLite数据库初始化完成: data/MS4wLjABAAAA2FYVN1jBWaTVasx7wXcsK0rCPfSYixt5-J1pUegQIbA/data.db
2026-04-24 03:26:24 | INFO     | 从数据库下载用户 MS4wLjABAAAA2FYVN1jB... 的video媒体文件
2026-04-24 03:26:24 | INFO     | 找到 1 条数据需要下载媒体
2026-04-24 03:26:27 | INFO     | 更新CSV成功: 1 条记录
2026-04-24 03:26:27 | INFO     | 更新数据库成功: 1 条记录
2026-04-24 03:26:27 | INFO     | 从CSV下载用户 MS4wLjABAAAA2FYVN1jB... 的comment媒体文件 (共399个视频)
2026-04-24 03:26:31 | INFO     | 更新CSV成功: 1 条记录
2026-04-24 03:26:31 | INFO     | 更新数据库成功: 1 条记录
2026-04-24 03:26:31 | INFO     | 更新CSV成功: 4 条记录
2026-04-24 03:26:31 | INFO     | 更新数据库成功: 4 条记录
2026-04-24 03:26:32 | INFO     | 更新CSV成功: 3 条记录
2026-04-24 03:26:32 | INFO     | 更新数据库成功: 3 条记录
2026-04-24 03:26:34 | INFO     | 更新CSV成功: 33 条记录
2026-04-24 03:26:34 | INFO     | 更新数据库成功: 33 条记录
2026-04-24 03:26:34 | INFO     | 完成: 4个视频有媒体需要下载, 395个视频无需下载
2026-04-24 03:26:34 | INFO     | 从CSV下载用户 MS4wLjABAAAA2FYVN1jB... 的reply媒体文件 (共399个视频)
2026-04-24 03:26:35 | INFO     | 更新CSV成功: 1 条记录
2026-04-24 03:26:35 | INFO     | 更新数据库成功: 1 条记录
2026-04-24 03:26:35 | INFO     | 更新CSV成功: 4 条记录
2026-04-24 03:26:35 | INFO     | 更新数据库成功: 4 条记录
2026-04-24 03:26:35 | INFO     | 完成: 2个视频有媒体需要下载, 397个视频无需下载
2026-04-24 03:26:35 | INFO     | SQLite连接已关闭: data/MS4wLjABAAAA2FYVN1jBWaTVasx7wXcsK0rCPfSYixt5-J1pUegQIbA/data.db
2026-04-24 03:26:35 | INFO     | SQLite连接已关闭: data/MS4wLjABAAAA2FYVN1jBWaTVasx7wXcsK0rCPfSYixt5-J1pUegQIbA/data.db
2026-04-24 03:26:35 | INFO     | 资源清理完成
2026-04-25 02:52:02 | DEBUG    | 签名JS加载成功
2026-04-25 02:52:07 | INFO     | SQLite数据库初始化完成: data/MS4wLjABAAAA2FYVN1jBWaTVasx7wXcsK0rCPfSYixt5-J1pUegQIbA/data.db
2026-04-25 02:52:07 | INFO     | 开始采集用户 MS4wLjABAAAA2FYVN1jB... 的作品
2026-04-25 02:52:09 | DEBUG    | API响应: aweme_list=10, has_more=1, max_cursor=1773422028000
2026-04-25 02:52:10 | INFO     | 用户 MS4wLjABAAAA2FYVN1jB... [作品采集完成] total:10 | new:0 | new_csv:0 | new_db:0 | duration:2.8秒
2026-04-25 02:52:10 | INFO     | 开始采集用户 MS4wLjABAAAA2FYVN1jB... 的评论，共 10 个视频
2026-04-25 02:53:44 | INFO     | 保存 1 条新数据到 data/MS4wLjABAAAA2FYVN1jBWaTVasx7wXcsK0rCPfSYixt5-J1pUegQIbA/2026-04/7627558294349234875/comments.csv
2026-04-25 02:53:44 | INFO     | 保存 1 条新数据到数据库表 comments
2026-04-25 02:54:15 | INFO     | 保存 1 条新数据到 data/MS4wLjABAAAA2FYVN1jBWaTVasx7wXcsK0rCPfSYixt5-J1pUegQIbA/2026-04/7629651594590023163/comments.csv
2026-04-25 02:54:15 | INFO     | 保存 1 条新数据到数据库表 comments
2026-04-25 02:54:32 | INFO     | 保存 3 条新数据到 data/MS4wLjABAAAA2FYVN1jBWaTVasx7wXcsK0rCPfSYixt5-J1pUegQIbA/2026-04/7632013241091009201/comments.csv
2026-04-25 02:54:32 | INFO     | 保存 3 条新数据到数据库表 comments
2026-04-25 02:54:33 | INFO     | 用户 MS4wLjABAAAA2FYVN1jB... [评论采集完成] total:786 | new:5 | new_csv:5 | new_db:5 | videos:10 | duration:143.5秒
2026-04-25 02:54:34 | INFO     | 开始采集用户 MS4wLjABAAAA2FYVN1jB... 的回复，共 87 条评论，10 个视频 (并发数: 3)
2026-04-25 02:55:21 | INFO     | 保存 1 条新数据到 data/MS4wLjABAAAA2FYVN1jBWaTVasx7wXcsK0rCPfSYixt5-J1pUegQIbA/2026-04/7627558294349234875/replies.csv
2026-04-25 02:55:21 | INFO     | 保存 1 条新数据到数据库表 replies
2026-04-25 02:55:29 | INFO     | 保存 2 条新数据到 data/MS4wLjABAAAA2FYVN1jBWaTVasx7wXcsK0rCPfSYixt5-J1pUegQIbA/2026-04/7631634541144461489/replies.csv
2026-04-25 02:55:29 | INFO     | 保存 2 条新数据到数据库表 replies
2026-04-25 02:55:31 | INFO     | 保存 1 条新数据到 data/MS4wLjABAAAA2FYVN1jBWaTVasx7wXcsK0rCPfSYixt5-J1pUegQIbA/2026-04/7632013241091009201/replies.csv
2026-04-25 02:55:31 | INFO     | 保存 1 条新数据到数据库表 replies
2026-04-25 02:55:31 | INFO     | 用户 MS4wLjABAAAA2FYVN1jB... [回复采集完成] total:262 | new:4 | new_csv:4 | new_db:4 | comments:87 | videos:10 | duration:57.0秒
2026-04-25 02:55:31 | INFO     | SQLite连接已关闭: data/MS4wLjABAAAA2FYVN1jBWaTVasx7wXcsK0rCPfSYixt5-J1pUegQIbA/data.db
2026-04-25 02:55:31 | INFO     | SQLite连接已关闭: data/MS4wLjABAAAA2FYVN1jBWaTVasx7wXcsK0rCPfSYixt5-J1pUegQIbA/data.db
2026-04-25 02:55:31 | INFO     | 资源清理完成
2026-04-25 02:55:31 | DEBUG    | 签名JS加载成功
2026-04-25 02:55:36 | INFO     | SQLite数据库初始化完成: data/MS4wLjABAAAA2FYVN1jBWaTVasx7wXcsK0rCPfSYixt5-J1pUegQIbA/data.db
2026-04-25 02:55:36 | INFO     | 从数据库下载用户 MS4wLjABAAAA2FYVN1jB... 的video媒体文件
2026-04-25 02:55:36 | INFO     | 没有需要下载的媒体文件
2026-04-25 02:55:36 | INFO     | 从CSV下载用户 MS4wLjABAAAA2FYVN1jB... 的comment媒体文件 (共399个视频)
2026-04-25 02:55:39 | INFO     | 更新CSV成功: 1 条记录
2026-04-25 02:55:39 | INFO     | 更新数据库成功: 1 条记录
2026-04-25 02:55:39 | INFO     | 更新CSV成功: 1 条记录
2026-04-25 02:55:39 | INFO     | 更新数据库成功: 1 条记录
2026-04-25 02:55:40 | INFO     | 更新CSV成功: 3 条记录
2026-04-25 02:55:40 | INFO     | 更新数据库成功: 3 条记录
2026-04-25 02:55:40 | INFO     | 完成: 3个视频有媒体需要下载, 396个视频无需下载
2026-04-25 02:55:40 | INFO     | 从CSV下载用户 MS4wLjABAAAA2FYVN1jB... 的reply媒体文件 (共399个视频)
2026-04-25 02:55:40 | INFO     | 更新CSV成功: 1 条记录
2026-04-25 02:55:40 | INFO     | 更新数据库成功: 1 条记录
2026-04-25 02:55:40 | INFO     | 更新CSV成功: 2 条记录
2026-04-25 02:55:40 | INFO     | 更新数据库成功: 2 条记录
2026-04-25 02:55:40 | INFO     | 更新CSV成功: 1 条记录
2026-04-25 02:55:40 | INFO     | 更新数据库成功: 1 条记录
2026-04-25 02:55:40 | INFO     | 完成: 3个视频有媒体需要下载, 396个视频无需下载
2026-04-25 02:55:40 | INFO     | SQLite连接已关闭: data/MS4wLjABAAAA2FYVN1jBWaTVasx7wXcsK0rCPfSYixt5-J1pUegQIbA/data.db
2026-04-25 02:55:40 | INFO     | SQLite连接已关闭: data/MS4wLjABAAAA2FYVN1jBWaTVasx7wXcsK0rCPfSYixt5-J1pUegQIbA/data.db
2026-04-25 02:55:40 | INFO     | 资源清理完成
2026-04-26 03:30:15 | DEBUG    | 签名JS加载成功
2026-04-26 03:30:20 | INFO     | SQLite数据库初始化完成: data/MS4wLjABAAAA2FYVN1jBWaTVasx7wXcsK0rCPfSYixt5-J1pUegQIbA/data.db
2026-04-26 03:30:20 | INFO     | 开始采集用户 MS4wLjABAAAA2FYVN1jB... 的作品
2026-04-26 03:30:23 | DEBUG    | API响应: aweme_list=10, has_more=1, max_cursor=1774289185000
2026-04-26 03:30:24 | INFO     | 保存 1 条新数据到 data/MS4wLjABAAAA2FYVN1jBWaTVasx7wXcsK0rCPfSYixt5-J1pUegQIbA/videos.csv
2026-04-26 03:30:24 | INFO     | 保存 1 条新数据到数据库表 videos
2026-04-26 03:30:24 | INFO     | 用户 MS4wLjABAAAA2FYVN1jB... [作品采集完成] total:10 | new:1 | new_csv:1 | new_db:1 | duration:3.8秒
2026-04-26 03:30:24 | INFO     | 开始采集用户 MS4wLjABAAAA2FYVN1jB... 的评论，共 10 个视频
2026-04-26 03:32:08 | INFO     | 保存 1 条新数据到 data/MS4wLjABAAAA2FYVN1jBWaTVasx7wXcsK0rCPfSYixt5-J1pUegQIbA/2026-04/7629651594590023163/comments.csv
2026-04-26 03:32:08 | INFO     | 保存 1 条新数据到数据库表 comments
2026-04-26 03:32:24 | INFO     | 保存 3 条新数据到 data/MS4wLjABAAAA2FYVN1jBWaTVasx7wXcsK0rCPfSYixt5-J1pUegQIbA/2026-04/7632013241091009201/comments.csv
2026-04-26 03:32:24 | INFO     | 保存 3 条新数据到数据库表 comments
2026-04-26 03:32:39 | INFO     | 保存 97 条新数据到 data/MS4wLjABAAAA2FYVN1jBWaTVasx7wXcsK0rCPfSYixt5-J1pUegQIbA/2026-04/7632818045987846010/comments.csv
2026-04-26 03:32:39 | INFO     | 保存 97 条新数据到数据库表 comments
2026-04-26 03:32:40 | INFO     | 用户 MS4wLjABAAAA2FYVN1jB... [评论采集完成] total:823 | new:101 | new_csv:101 | new_db:101 | videos:10 | duration:136.8秒
2026-04-26 03:32:41 | INFO     | 开始采集用户 MS4wLjABAAAA2FYVN1jB... 的回复，共 83 条评论，10 个视频 (并发数: 3)
2026-04-26 03:33:29 | INFO     | 保存 1 条新数据到 data/MS4wLjABAAAA2FYVN1jBWaTVasx7wXcsK0rCPfSYixt5-J1pUegQIbA/2026-04/7632013241091009201/replies.csv
2026-04-26 03:33:29 | INFO     | 保存 1 条新数据到数据库表 replies
2026-04-26 03:33:32 | INFO     | 保存 6 条新数据到 data/MS4wLjABAAAA2FYVN1jBWaTVasx7wXcsK0rCPfSYixt5-J1pUegQIbA/2026-04/7632818045987846010/replies.csv
2026-04-26 03:33:32 | INFO     | 保存 6 条新数据到数据库表 replies
2026-04-26 03:33:32 | INFO     | 用户 MS4wLjABAAAA2FYVN1jB... [回复采集完成] total:247 | new:7 | new_csv:7 | new_db:7 | comments:83 | videos:10 | duration:51.3秒
2026-04-26 03:33:32 | INFO     | SQLite连接已关闭: data/MS4wLjABAAAA2FYVN1jBWaTVasx7wXcsK0rCPfSYixt5-J1pUegQIbA/data.db
2026-04-26 03:33:32 | INFO     | SQLite连接已关闭: data/MS4wLjABAAAA2FYVN1jBWaTVasx7wXcsK0rCPfSYixt5-J1pUegQIbA/data.db
2026-04-26 03:33:32 | INFO     | 资源清理完成
2026-04-26 03:33:33 | DEBUG    | 签名JS加载成功
2026-04-26 03:33:38 | INFO     | SQLite数据库初始化完成: data/MS4wLjABAAAA2FYVN1jBWaTVasx7wXcsK0rCPfSYixt5-J1pUegQIbA/data.db
2026-04-26 03:33:38 | INFO     | 从数据库下载用户 MS4wLjABAAAA2FYVN1jB... 的video媒体文件
2026-04-26 03:33:38 | INFO     | 找到 1 条数据需要下载媒体
2026-04-26 03:33:44 | INFO     | 更新CSV成功: 1 条记录
2026-04-26 03:33:44 | INFO     | 更新数据库成功: 1 条记录
2026-04-26 03:33:44 | INFO     | 从CSV下载用户 MS4wLjABAAAA2FYVN1jB... 的comment媒体文件 (共400个视频)
2026-04-26 03:33:47 | INFO     | 更新CSV成功: 1 条记录
2026-04-26 03:33:47 | INFO     | 更新数据库成功: 1 条记录
2026-04-26 03:33:47 | INFO     | 更新CSV成功: 3 条记录
2026-04-26 03:33:47 | INFO     | 更新数据库成功: 3 条记录
2026-04-26 03:33:53 | INFO     | 更新CSV成功: 97 条记录
2026-04-26 03:33:53 | INFO     | 更新数据库成功: 97 条记录
2026-04-26 03:33:53 | INFO     | 完成: 3个视频有媒体需要下载, 397个视频无需下载
2026-04-26 03:33:53 | INFO     | 从CSV下载用户 MS4wLjABAAAA2FYVN1jB... 的reply媒体文件 (共400个视频)
2026-04-26 03:33:53 | INFO     | 更新CSV成功: 1 条记录
2026-04-26 03:33:53 | INFO     | 更新数据库成功: 1 条记录
2026-04-26 03:33:54 | INFO     | 更新CSV成功: 6 条记录
2026-04-26 03:33:54 | INFO     | 更新数据库成功: 6 条记录
2026-04-26 03:33:54 | INFO     | 完成: 2个视频有媒体需要下载, 398个视频无需下载
2026-04-26 03:33:54 | INFO     | SQLite连接已关闭: data/MS4wLjABAAAA2FYVN1jBWaTVasx7wXcsK0rCPfSYixt5-J1pUegQIbA/data.db
2026-04-26 03:33:54 | INFO     | SQLite连接已关闭: data/MS4wLjABAAAA2FYVN1jBWaTVasx7wXcsK0rCPfSYixt5-J1pUegQIbA/data.db
2026-04-26 03:33:54 | INFO     | 资源清理完成
